# JRE version: Java(TM) SE Runtime Environment (8.0_72-b15) (build 1.8.0_72-b15)
# Java VM: Java HotSpot(TM) 64-Bit Server VM (25.72-b15 mixed mode windows-amd64 compressed oops)
Heap:
 PSYoungGen      total 65024K, used 29193K [0x00000000d5e00000, 0x00000000dbc80000, 0x0000000100000000)
  eden space 49664K, 27% used [0x00000000d5e00000,0x00000000d6b8a350,0x00000000d8e80000)
  from space 15360K, 99% used [0x00000000d8e80000,0x00000000d9d78328,0x00000000d9d80000)
  to   space 17920K, 0% used [0x00000000dab00000,0x00000000dab00000,0x00000000dbc80000)
 ParOldGen       total 69120K, used 23301K [0x0000000081a00000, 0x0000000085d80000, 0x00000000d5e00000)
  object space 69120K, 33% used [0x0000000081a00000,0x00000000830c17c0,0x0000000085d80000)
 Metaspace       used 26540K, capacity 28230K, committed 28544K, reserved 1073152K
  class space    used 3540K, capacity 3866K, committed 3968K, reserved 1048576K
GC Heap History (10 events):
Event: 11.255 GC heap before
{Heap before GC invocations=4 (full 1):
 PSYoungGen      total 38400K, used 33280K [0x00000000d5e00000, 0x00000000d8880000, 0x0000000100000000)
  eden space 33280K, 100% used [0x00000000d5e00000,0x00000000d7e80000,0x00000000d7e80000)
  from space 5120K, 0% used [0x00000000d8380000,0x00000000d8380000,0x00000000d8880000)
  to   space 5120K, 0% used [0x00000000d7e80000,0x00000000d7e80000,0x00000000d8380000)
 ParOldGen       total 69120K, used 7796K [0x0000000081a00000, 0x0000000085d80000, 0x00000000d5e00000)
  object space 69120K, 11% used [0x0000000081a00000,0x000000008219d048,0x0000000085d80000)
 Metaspace       used 23960K, capacity 25346K, committed 25472K, reserved 1071104K
  class space    used 3365K, capacity 3634K, committed 3712K, reserved 1048576K
Event: 11.270 GC heap after
Heap after GC invocations=4 (full 1):
 PSYoungGen      total 38400K, used 5116K [0x00000000d5e00000, 0x00000000d9100000, 0x0000000100000000)
  eden space 33280K, 0% used [0x00000000d5e00000,0x00000000d5e00000,0x00000000d7e80000)
  from space 5120K, 99% used [0x00000000d7e80000,0x00000000d837f390,0x00000000d8380000)
  to   space 5120K, 0% used [0x00000000d8c00000,0x00000000d8c00000,0x00000000d9100000)
 ParOldGen       total 69120K, used 10184K [0x0000000081a00000, 0x0000000085d80000, 0x00000000d5e00000)
  object space 69120K, 14% used [0x0000000081a00000,0x00000000823f2258,0x0000000085d80000)
 Metaspace       used 23960K, capacity 25346K, committed 25472K, reserved 1071104K
  class space    used 3365K, capacity 3634K, committed 3712K, reserved 1048576K
}
Event: 19.597 GC heap before
{Heap before GC invocations=5 (full 1):
 PSYoungGen      total 38400K, used 38396K [0x00000000d5e00000, 0x00000000d9100000, 0x0000000100000000)
  eden space 33280K, 100% used [0x00000000d5e00000,0x00000000d7e80000,0x00000000d7e80000)
  from space 5120K, 99% used [0x00000000d7e80000,0x00000000d837f390,0x00000000d8380000)
  to   space 5120K, 0% used [0x00000000d8c00000,0x00000000d8c00000,0x00000000d9100000)
 ParOldGen       total 69120K, used 10187K [0x0000000081a00000, 0x0000000085d80000, 0x00000000d5e00000)
  object space 69120K, 14% used [0x0000000081a00000,0x00000000823f2ef0,0x0000000085d80000)
 Metaspace       used 24835K, capacity 26366K, committed 26624K, reserved 1073152K
  class space    used 3452K, capacity 3732K, committed 3840K, reserved 1048576K
Event: 19.612 GC heap after
Heap after GC invocations=5 (full 1):
 PSYoungGen      total 46080K, used 5114K [0x00000000d5e00000, 0x00000000d9100000, 0x0000000100000000)
  eden space 40960K, 0% used [0x00000000d5e00000,0x00000000d5e00000,0x00000000d8600000)
  from space 5120K, 99% used [0x00000000d8c00000,0x00000000d90fe9c0,0x00000000d9100000)
  to   space 5120K, 0% used [0x00000000d8700000,0x00000000d8700000,0x00000000d8c00000)
 ParOldGen       total 69120K, used 14402K [0x0000000081a00000, 0x0000000085d80000, 0x00000000d5e00000)
  object space 69120K, 20% used [0x0000000081a00000,0x0000000082810b38,0x0000000085d80000)
 Metaspace       used 24835K, capacity 26366K, committed 26624K, reserved 1073152K
  class space    used 3452K, capacity 3732K, committed 3840K, reserved 1048576K
}
Event: 23.223 GC heap before
{Heap before GC invocations=6 (full 1):
 PSYoungGen      total 46080K, used 46074K [0x00000000d5e00000, 0x00000000d9100000, 0x0000000100000000)
  eden space 40960K, 100% used [0x00000000d5e00000,0x00000000d8600000,0x00000000d8600000)
  from space 5120K, 99% used [0x00000000d8c00000,0x00000000d90fe9c0,0x00000000d9100000)
  to   space 5120K, 0% used [0x00000000d8700000,0x00000000d8700000,0x00000000d8c00000)
 ParOldGen       total 69120K, used 14402K [0x0000000081a00000, 0x0000000085d80000, 0x00000000d5e00000)
  object space 69120K, 20% used [0x0000000081a00000,0x0000000082810b38,0x0000000085d80000)
 Metaspace       used 25177K, capacity 26658K, committed 26880K, reserved 1073152K
  class space    used 3456K, capacity 3736K, committed 3840K, reserved 1048576K
Event: 23.251 GC heap after
Heap after GC invocations=6 (full 1):
 PSYoungGen      total 47104K, used 5116K [0x00000000d5e00000, 0x00000000daa80000, 0x0000000100000000)
  eden space 41984K, 0% used [0x00000000d5e00000,0x00000000d5e00000,0x00000000d8700000)
  from space 5120K, 99% used [0x00000000d8700000,0x00000000d8bff378,0x00000000d8c00000)
  to   space 13312K, 0% used [0x00000000d9d80000,0x00000000d9d80000,0x00000000daa80000)
 ParOldGen       total 69120K, used 21760K [0x0000000081a00000, 0x0000000085d80000, 0x00000000d5e00000)
  object space 69120K, 31% used [0x0000000081a00000,0x0000000082f401b8,0x0000000085d80000)
 Metaspace       used 25177K, capacity 26658K, committed 26880K, reserved 1073152K
  class space    used 3456K, capacity 3736K, committed 3840K, reserved 1048576K
}
Event: 29.032 GC heap before
{Heap before GC invocations=7 (full 1):
 PSYoungGen      total 47104K, used 47100K [0x00000000d5e00000, 0x00000000daa80000, 0x0000000100000000)
  eden space 41984K, 100% used [0x00000000d5e00000,0x00000000d8700000,0x00000000d8700000)
  from space 5120K, 99% used [0x00000000d8700000,0x00000000d8bff378,0x00000000d8c00000)
  to   space 13312K, 0% used [0x00000000d9d80000,0x00000000d9d80000,0x00000000daa80000)
 ParOldGen       total 69120K, used 21760K [0x0000000081a00000, 0x0000000085d80000, 0x00000000d5e00000)
  object space 69120K, 31% used [0x0000000081a00000,0x0000000082f401b8,0x0000000085d80000)
 Metaspace       used 25670K, capacity 27256K, committed 27392K, reserved 1073152K
  class space    used 3510K, capacity 3819K, committed 3840K, reserved 1048576K
Event: 29.050 GC heap after
Heap after GC invocations=7 (full 1):
 PSYoungGen      total 62976K, used 12962K [0x00000000d5e00000, 0x00000000daf00000, 0x0000000100000000)
  eden space 49664K, 0% used [0x00000000d5e00000,0x00000000d5e00000,0x00000000d8e80000)
  from space 13312K, 97% used [0x00000000d9d80000,0x00000000daa28868,0x00000000daa80000)
  to   space 15360K, 0% used [0x00000000d8e80000,0x00000000d8e80000,0x00000000d9d80000)
 ParOldGen       total 69120K, used 21760K [0x0000000081a00000, 0x0000000085d80000, 0x00000000d5e00000)
  object space 69120K, 31% used [0x0000000081a00000,0x0000000082f401b8,0x0000000085d80000)
 Metaspace       used 25670K, capacity 27256K, committed 27392K, reserved 1073152K
  class space    used 3510K, capacity 3819K, committed 3840K, reserved 1048576K
}
Event: 40.457 GC heap before
{Heap before GC invocations=8 (full 1):
 PSYoungGen      total 62976K, used 62542K [0x00000000d5e00000, 0x00000000daf00000, 0x0000000100000000)
  eden space 49664K, 99% used [0x00000000d5e00000,0x00000000d8e6b338,0x00000000d8e80000)
  from space 13312K, 97% used [0x00000000d9d80000,0x00000000daa28868,0x00000000daa80000)
  to   space 15360K, 0% used [0x00000000d8e80000,0x00000000d8e80000,0x00000000d9d80000)
 ParOldGen       total 69120K, used 21760K [0x0000000081a00000, 0x0000000085d80000, 0x00000000d5e00000)
  object space 69120K, 31% used [0x0000000081a00000,0x0000000082f401b8,0x0000000085d80000)
 Metaspace       used 26404K, capacity 28084K, committed 28288K, reserved 1073152K
  class space    used 3538K, capacity 3863K, committed 3968K, reserved 1048576K
Event: 40.497 GC heap after
Heap after GC invocations=8 (full 1):
 PSYoungGen      total 65024K, used 15328K [0x00000000d5e00000, 0x00000000dbc80000, 0x0000000100000000)
  eden space 49664K, 0% used [0x00000000d5e00000,0x00000000d5e00000,0x00000000d8e80000)
  from space 15360K, 99% used [0x00000000d8e80000,0x00000000d9d78328,0x00000000d9d80000)
  to   space 17920K, 0% used [0x00000000dab00000,0x00000000dab00000,0x00000000dbc80000)
 ParOldGen       total 69120K, used 23301K [0x0000000081a00000, 0x0000000085d80000, 0x00000000d5e00000)
  object space 69120K, 33% used [0x0000000081a00000,0x00000000830c17c0,0x0000000085d80000)
 Metaspace       used 26404K, capacity 28084K, committed 28288K, reserved 1073152K
  class space    used 3538K, capacity 3863K, committed 3968K, reserved 1048576K
}

