# JRE version: Java(TM) SE Runtime Environment (8.0_92-b14) (build 1.8.0_92-b14)
# Java VM: Java HotSpot(TM) 64-Bit Server VM (25.92-b14 mixed mode windows-amd64 compressed oops)
Heap:
 PSYoungGen      total 50176K, used 40667K [0x00000000d5e00000, 0x00000000da480000, 0x0000000100000000)
  eden space 38400K, 75% used [0x00000000d5e00000,0x00000000d7a45278,0x00000000d8380000)
  from space 11776K, 99% used [0x00000000d8400000,0x00000000d8f71a30,0x00000000d8f80000)
  to   space 16896K, 0% used [0x00000000d9400000,0x00000000d9400000,0x00000000da480000)
 ParOldGen       total 71680K, used 29750K [0x0000000081a00000, 0x0000000086000000, 0x00000000d5e00000)
  object space 71680K, 41% used [0x0000000081a00000,0x000000008370d940,0x0000000086000000)
 Metaspace       used 29138K, capacity 31070K, committed 31232K, reserved 1077248K
  class space    used 3868K, capacity 4249K, committed 4352K, reserved 1048576K
GC Heap History (10 events):
Event: 61.507 GC heap before
{Heap before GC invocations=6 (full 1):
 PSYoungGen      total 45056K, used 45044K [0x00000000d5e00000, 0x00000000d9000000, 0x0000000100000000)
  eden space 39936K, 100% used [0x00000000d5e00000,0x00000000d8500000,0x00000000d8500000)
  from space 5120K, 99% used [0x00000000d8b00000,0x00000000d8ffd0b8,0x00000000d9000000)
  to   space 5120K, 0% used [0x00000000d8600000,0x00000000d8600000,0x00000000d8b00000)
 ParOldGen       total 71680K, used 14777K [0x0000000081a00000, 0x0000000086000000, 0x00000000d5e00000)
  object space 71680K, 20% used [0x0000000081a00000,0x000000008286e6c8,0x0000000086000000)
 Metaspace       used 26782K, capacity 28602K, committed 28672K, reserved 1073152K
  class space    used 3717K, capacity 4079K, committed 4096K, reserved 1048576K
Event: 61.518 GC heap after
Heap after GC invocations=6 (full 1):
 PSYoungGen      total 46080K, used 5103K [0x00000000d5e00000, 0x00000000d9f80000, 0x0000000100000000)
  eden space 40960K, 0% used [0x00000000d5e00000,0x00000000d5e00000,0x00000000d8600000)
  from space 5120K, 99% used [0x00000000d8600000,0x00000000d8afbd10,0x00000000d8b00000)
  to   space 10240K, 0% used [0x00000000d9580000,0x00000000d9580000,0x00000000d9f80000)
 ParOldGen       total 71680K, used 16629K [0x0000000081a00000, 0x0000000086000000, 0x00000000d5e00000)
  object space 71680K, 23% used [0x0000000081a00000,0x0000000082a3d6d8,0x0000000086000000)
 Metaspace       used 26782K, capacity 28602K, committed 28672K, reserved 1073152K
  class space    used 3717K, capacity 4079K, committed 4096K, reserved 1048576K
}
Event: 119.780 GC heap before
{Heap before GC invocations=7 (full 1):
 PSYoungGen      total 46080K, used 46063K [0x00000000d5e00000, 0x00000000d9f80000, 0x0000000100000000)
  eden space 40960K, 100% used [0x00000000d5e00000,0x00000000d8600000,0x00000000d8600000)
  from space 5120K, 99% used [0x00000000d8600000,0x00000000d8afbd10,0x00000000d8b00000)
  to   space 10240K, 0% used [0x00000000d9580000,0x00000000d9580000,0x00000000d9f80000)
 ParOldGen       total 71680K, used 16629K [0x0000000081a00000, 0x0000000086000000, 0x00000000d5e00000)
  object space 71680K, 23% used [0x0000000081a00000,0x0000000082a3d6d8,0x0000000086000000)
 Metaspace       used 27144K, capacity 29002K, committed 29184K, reserved 1075200K
  class space    used 3725K, capacity 4081K, committed 4096K, reserved 1048576K
Event: 119.793 GC heap after
Heap after GC invocations=7 (full 1):
 PSYoungGen      total 50176K, used 9467K [0x00000000d5e00000, 0x00000000d9f00000, 0x0000000100000000)
  eden space 40448K, 0% used [0x00000000d5e00000,0x00000000d5e00000,0x00000000d8580000)
  from space 9728K, 97% used [0x00000000d9580000,0x00000000d9ebef80,0x00000000d9f00000)
  to   space 10752K, 0% used [0x00000000d8a00000,0x00000000d8a00000,0x00000000d9480000)
 ParOldGen       total 71680K, used 16629K [0x0000000081a00000, 0x0000000086000000, 0x00000000d5e00000)
  object space 71680K, 23% used [0x0000000081a00000,0x0000000082a3d6d8,0x0000000086000000)
 Metaspace       used 27144K, capacity 29002K, committed 29184K, reserved 1075200K
  class space    used 3725K, capacity 4081K, committed 4096K, reserved 1048576K
}
Event: 135.337 GC heap before
{Heap before GC invocations=8 (full 1):
 PSYoungGen      total 50176K, used 49915K [0x00000000d5e00000, 0x00000000d9f00000, 0x0000000100000000)
  eden space 40448K, 100% used [0x00000000d5e00000,0x00000000d8580000,0x00000000d8580000)
  from space 9728K, 97% used [0x00000000d9580000,0x00000000d9ebef80,0x00000000d9f00000)
  to   space 10752K, 0% used [0x00000000d8a00000,0x00000000d8a00000,0x00000000d9480000)
 ParOldGen       total 71680K, used 16629K [0x0000000081a00000, 0x0000000086000000, 0x00000000d5e00000)
  object space 71680K, 23% used [0x0000000081a00000,0x0000000082a3d6d8,0x0000000086000000)
 Metaspace       used 27349K, capacity 29218K, committed 29440K, reserved 1075200K
  class space    used 3731K, capacity 4085K, committed 4096K, reserved 1048576K
Event: 135.359 GC heap after
Heap after GC invocations=8 (full 1):
 PSYoungGen      total 50688K, used 10747K [0x00000000d5e00000, 0x00000000da000000, 0x0000000100000000)
  eden space 39936K, 0% used [0x00000000d5e00000,0x00000000d5e00000,0x00000000d8500000)
  from space 10752K, 99% used [0x00000000d8a00000,0x00000000d947ef28,0x00000000d9480000)
  to   space 11776K, 0% used [0x00000000d9480000,0x00000000d9480000,0x00000000da000000)
 ParOldGen       total 71680K, used 21017K [0x0000000081a00000, 0x0000000086000000, 0x00000000d5e00000)
  object space 71680K, 29% used [0x0000000081a00000,0x0000000082e86770,0x0000000086000000)
 Metaspace       used 27349K, capacity 29218K, committed 29440K, reserved 1075200K
  class space    used 3731K, capacity 4085K, committed 4096K, reserved 1048576K
}
Event: 146.205 GC heap before
{Heap before GC invocations=9 (full 1):
 PSYoungGen      total 50688K, used 50683K [0x00000000d5e00000, 0x00000000da000000, 0x0000000100000000)
  eden space 39936K, 100% used [0x00000000d5e00000,0x00000000d8500000,0x00000000d8500000)
  from space 10752K, 99% used [0x00000000d8a00000,0x00000000d947ef28,0x00000000d9480000)
  to   space 11776K, 0% used [0x00000000d9480000,0x00000000d9480000,0x00000000da000000)
 ParOldGen       total 71680K, used 21017K [0x0000000081a00000, 0x0000000086000000, 0x00000000d5e00000)
  object space 71680K, 29% used [0x0000000081a00000,0x0000000082e86770,0x0000000086000000)
 Metaspace       used 27630K, capacity 29482K, committed 29696K, reserved 1075200K
  class space    used 3740K, capacity 4087K, committed 4096K, reserved 1048576K
Event: 146.225 GC heap after
Heap after GC invocations=9 (full 1):
 PSYoungGen      total 50688K, used 11760K [0x00000000d5e00000, 0x00000000da580000, 0x0000000100000000)
  eden space 38912K, 0% used [0x00000000d5e00000,0x00000000d5e00000,0x00000000d8400000)
  from space 11776K, 99% used [0x00000000d9480000,0x00000000d9ffc0c0,0x00000000da000000)
  to   space 16896K, 0% used [0x00000000d8400000,0x00000000d8400000,0x00000000d9480000)
 ParOldGen       total 71680K, used 25554K [0x0000000081a00000, 0x0000000086000000, 0x00000000d5e00000)
  object space 71680K, 35% used [0x0000000081a00000,0x00000000832f4810,0x0000000086000000)
 Metaspace       used 27630K, capacity 29482K, committed 29696K, reserved 1075200K
  class space    used 3740K, capacity 4087K, committed 4096K, reserved 1048576K
}
Event: 227.438 GC heap before
{Heap before GC invocations=10 (full 1):
 PSYoungGen      total 50688K, used 50665K [0x00000000d5e00000, 0x00000000da580000, 0x0000000100000000)
  eden space 38912K, 99% used [0x00000000d5e00000,0x00000000d83fe5f8,0x00000000d8400000)
  from space 11776K, 99% used [0x00000000d9480000,0x00000000d9ffc0c0,0x00000000da000000)
  to   space 16896K, 0% used [0x00000000d8400000,0x00000000d8400000,0x00000000d9480000)
 ParOldGen       total 71680K, used 25554K [0x0000000081a00000, 0x0000000086000000, 0x00000000d5e00000)
  object space 71680K, 35% used [0x0000000081a00000,0x00000000832f4810,0x0000000086000000)
 Metaspace       used 28916K, capacity 30804K, committed 30976K, reserved 1075200K
  class space    used 3866K, capacity 4248K, committed 4352K, reserved 1048576K
Event: 227.461 GC heap after
Heap after GC invocations=10 (full 1):
 PSYoungGen      total 50176K, used 11718K [0x00000000d5e00000, 0x00000000da480000, 0x0000000100000000)
  eden space 38400K, 0% used [0x00000000d5e00000,0x00000000d5e00000,0x00000000d8380000)
  from space 11776K, 99% used [0x00000000d8400000,0x00000000d8f71a30,0x00000000d8f80000)
  to   space 16896K, 0% used [0x00000000d9400000,0x00000000d9400000,0x00000000da480000)
 ParOldGen       total 71680K, used 29750K [0x0000000081a00000, 0x0000000086000000, 0x00000000d5e00000)
  object space 71680K, 41% used [0x0000000081a00000,0x000000008370d940,0x0000000086000000)
 Metaspace       used 28916K, capacity 30804K, committed 30976K, reserved 1075200K
  class space    used 3866K, capacity 4248K, committed 4352K, reserved 1048576K
}

