# JRE version: Java(TM) SE Runtime Environment (8.0_72-b15) (build 1.8.0_72-b15)
# Java VM: Java HotSpot(TM) 64-Bit Server VM (25.72-b15 mixed mode windows-amd64 compressed oops)
Heap:
 PSYoungGen      total 224256K, used 143196K [0x00000000d5e00000, 0x00000000eaf80000, 0x0000000100000000)
  eden space 152576K, 48% used [0x00000000d5e00000,0x00000000da6514b0,0x00000000df300000)
  from space 71680K, 96% used [0x00000000df300000,0x00000000e3685e78,0x00000000e3900000)
  to   space 82432K, 0% used [0x00000000e5f00000,0x00000000e5f00000,0x00000000eaf80000)
 ParOldGen       total 464896K, used 292625K [0x0000000081a00000, 0x000000009e000000, 0x00000000d5e00000)
  object space 464896K, 62% used [0x0000000081a00000,0x00000000937c47d0,0x000000009e000000)
 Metaspace       used 26889K, capacity 28440K, committed 28672K, reserved 1075200K
  class space    used 3483K, capacity 3780K, committed 3840K, reserved 1048576K
GC Heap History (10 events):
Event: 81.407 GC heap before
{Heap before GC invocations=17 (full 3):
 PSYoungGen      total 165376K, used 129093K [0x00000000d5e00000, 0x00000000e6c00000, 0x0000000100000000)
  eden space 88064K, 99% used [0x00000000d5e00000,0x00000000db36a120,0x00000000db400000)
  from space 77312K, 53% used [0x00000000db400000,0x00000000ddca75b8,0x00000000dff80000)
  to   space 76800K, 0% used [0x00000000e2100000,0x00000000e2100000,0x00000000e6c00000)
 ParOldGen       total 302592K, used 200682K [0x0000000081a00000, 0x0000000094180000, 0x00000000d5e00000)
  object space 302592K, 66% used [0x0000000081a00000,0x000000008ddfab80,0x0000000094180000)
 Metaspace       used 26261K, capacity 27792K, committed 27904K, reserved 1073152K
  class space    used 3465K, capacity 3770K, committed 3840K, reserved 1048576K
Event: 81.488 GC heap after
Heap after GC invocations=17 (full 3):
 PSYoungGen      total 188416K, used 21559K [0x00000000d5e00000, 0x00000000e6400000, 0x0000000100000000)
  eden space 119808K, 0% used [0x00000000d5e00000,0x00000000d5e00000,0x00000000dd300000)
  from space 68608K, 31% used [0x00000000e2100000,0x00000000e360dea0,0x00000000e6400000)
  to   space 74240K, 0% used [0x00000000dd300000,0x00000000dd300000,0x00000000e1b80000)
 ParOldGen       total 302592K, used 240442K [0x0000000081a00000, 0x0000000094180000, 0x00000000d5e00000)
  object space 302592K, 79% used [0x0000000081a00000,0x00000000904ceab8,0x0000000094180000)
 Metaspace       used 26261K, capacity 27792K, committed 27904K, reserved 1073152K
  class space    used 3465K, capacity 3770K, committed 3840K, reserved 1048576K
}
Event: 97.119 GC heap before
{Heap before GC invocations=18 (full 3):
 PSYoungGen      total 188416K, used 140561K [0x00000000d5e00000, 0x00000000e6400000, 0x0000000100000000)
  eden space 119808K, 99% used [0x00000000d5e00000,0x00000000dd2366a8,0x00000000dd300000)
  from space 68608K, 31% used [0x00000000e2100000,0x00000000e360dea0,0x00000000e6400000)
  to   space 74240K, 0% used [0x00000000dd300000,0x00000000dd300000,0x00000000e1b80000)
 ParOldGen       total 302592K, used 240442K [0x0000000081a00000, 0x0000000094180000, 0x00000000d5e00000)
  object space 302592K, 79% used [0x0000000081a00000,0x00000000904ceab8,0x0000000094180000)
 Metaspace       used 26480K, capacity 28020K, committed 28160K, reserved 1073152K
  class space    used 3467K, capacity 3770K, committed 3840K, reserved 1048576K
Event: 97.130 GC heap after
Heap after GC invocations=18 (full 3):
 PSYoungGen      total 194048K, used 6459K [0x00000000d5e00000, 0x00000000e8800000, 0x0000000100000000)
  eden space 119808K, 0% used [0x00000000d5e00000,0x00000000d5e00000,0x00000000dd300000)
  from space 74240K, 8% used [0x00000000dd300000,0x00000000dd94ef10,0x00000000e1b80000)
  to   space 73728K, 0% used [0x00000000e4000000,0x00000000e4000000,0x00000000e8800000)
 ParOldGen       total 302592K, used 254086K [0x0000000081a00000, 0x0000000094180000, 0x00000000d5e00000)
  object space 302592K, 83% used [0x0000000081a00000,0x0000000091221b38,0x0000000094180000)
 Metaspace       used 26480K, capacity 28020K, committed 28160K, reserved 1073152K
  class space    used 3467K, capacity 3770K, committed 3840K, reserved 1048576K
}
Event: 119.464 GC heap before
{Heap before GC invocations=19 (full 3):
 PSYoungGen      total 194048K, used 125840K [0x00000000d5e00000, 0x00000000e8800000, 0x0000000100000000)
  eden space 119808K, 99% used [0x00000000d5e00000,0x00000000dd295158,0x00000000dd300000)
  from space 74240K, 8% used [0x00000000dd300000,0x00000000dd94ef10,0x00000000e1b80000)
  to   space 73728K, 0% used [0x00000000e4000000,0x00000000e4000000,0x00000000e8800000)
 ParOldGen       total 302592K, used 255551K [0x0000000081a00000, 0x0000000094180000, 0x00000000d5e00000)
  object space 302592K, 84% used [0x0000000081a00000,0x000000009138fea8,0x0000000094180000)
 Metaspace       used 26658K, capacity 28244K, committed 28416K, reserved 1073152K
  class space    used 3481K, capacity 3780K, committed 3840K, reserved 1048576K
Event: 119.505 GC heap after
Heap after GC invocations=19 (full 3):
 PSYoungGen      total 217088K, used 15813K [0x00000000d5e00000, 0x00000000e7f00000, 0x0000000100000000)
  eden space 152576K, 0% used [0x00000000d5e00000,0x00000000d5e00000,0x00000000df300000)
  from space 64512K, 24% used [0x00000000e4000000,0x00000000e4f714c8,0x00000000e7f00000)
  to   space 71680K, 0% used [0x00000000df300000,0x00000000df300000,0x00000000e3900000)
 ParOldGen       total 302592K, used 256777K [0x0000000081a00000, 0x0000000094180000, 0x00000000d5e00000)
  object space 302592K, 84% used [0x0000000081a00000,0x00000000914c26b8,0x0000000094180000)
 Metaspace       used 26658K, capacity 28244K, committed 28416K, reserved 1073152K
  class space    used 3481K, capacity 3780K, committed 3840K, reserved 1048576K
}
Event: 125.075 GC heap before
{Heap before GC invocations=20 (full 4):
 PSYoungGen      total 217088K, used 168389K [0x00000000d5e00000, 0x00000000e7f00000, 0x0000000100000000)
  eden space 152576K, 100% used [0x00000000d5e00000,0x00000000df300000,0x00000000df300000)
  from space 64512K, 24% used [0x00000000e4000000,0x00000000e4f714c8,0x00000000e7f00000)
  to   space 71680K, 0% used [0x00000000df300000,0x00000000df300000,0x00000000e3900000)
 ParOldGen       total 302592K, used 271620K [0x0000000081a00000, 0x0000000094180000, 0x00000000d5e00000)
  object space 302592K, 89% used [0x0000000081a00000,0x0000000092341238,0x0000000094180000)
 Metaspace       used 26690K, capacity 28248K, committed 28416K, reserved 1073152K
  class space    used 3481K, capacity 3780K, committed 3840K, reserved 1048576K
Event: 125.314 GC heap after
Heap after GC invocations=20 (full 4):
 PSYoungGen      total 217088K, used 0K [0x00000000d5e00000, 0x00000000e7f00000, 0x0000000100000000)
  eden space 152576K, 0% used [0x00000000d5e00000,0x00000000d5e00000,0x00000000df300000)
  from space 64512K, 0% used [0x00000000e4000000,0x00000000e4000000,0x00000000e7f00000)
  to   space 71680K, 0% used [0x00000000df300000,0x00000000df300000,0x00000000e3900000)
 ParOldGen       total 464896K, used 269144K [0x0000000081a00000, 0x000000009e000000, 0x00000000d5e00000)
  object space 464896K, 57% used [0x0000000081a00000,0x00000000920d61f0,0x000000009e000000)
 Metaspace       used 26690K, capacity 28248K, committed 28416K, reserved 1073152K
  class space    used 3481K, capacity 3780K, committed 3840K, reserved 1048576K
}
Event: 130.779 GC heap before
{Heap before GC invocations=21 (full 4):
 PSYoungGen      total 217088K, used 152576K [0x00000000d5e00000, 0x00000000e7f00000, 0x0000000100000000)
  eden space 152576K, 100% used [0x00000000d5e00000,0x00000000df300000,0x00000000df300000)
  from space 64512K, 0% used [0x00000000e4000000,0x00000000e4000000,0x00000000e7f00000)
  to   space 71680K, 0% used [0x00000000df300000,0x00000000df300000,0x00000000e3900000)
 ParOldGen       total 464896K, used 269180K [0x0000000081a00000, 0x000000009e000000, 0x00000000d5e00000)
  object space 464896K, 57% used [0x0000000081a00000,0x00000000920df190,0x000000009e000000)
 Metaspace       used 26738K, capacity 28312K, committed 28416K, reserved 1073152K
  class space    used 3482K, capacity 3780K, committed 3840K, reserved 1048576K
Event: 130.815 GC heap after
Heap after GC invocations=21 (full 4):
 PSYoungGen      total 224256K, used 69143K [0x00000000d5e00000, 0x00000000eaf80000, 0x0000000100000000)
  eden space 152576K, 0% used [0x00000000d5e00000,0x00000000d5e00000,0x00000000df300000)
  from space 71680K, 96% used [0x00000000df300000,0x00000000e3685e78,0x00000000e3900000)
  to   space 82432K, 0% used [0x00000000e5f00000,0x00000000e5f00000,0x00000000eaf80000)
 ParOldGen       total 464896K, used 292625K [0x0000000081a00000, 0x000000009e000000, 0x00000000d5e00000)
  object space 464896K, 62% used [0x0000000081a00000,0x00000000937c47d0,0x000000009e000000)
 Metaspace       used 26738K, capacity 28312K, committed 28416K, reserved 1073152K
  class space    used 3482K, capacity 3780K, committed 3840K, reserved 1048576K
}

