# JRE version: Java(TM) SE Runtime Environment (8.0_72-b15) (build 1.8.0_72-b15)
# Java VM: Java HotSpot(TM) 64-Bit Server VM (25.72-b15 mixed mode windows-amd64 compressed oops)
Heap:
 PSYoungGen      total 38400K, used 25823K [0x00000000d5e00000, 0x00000000d9280000, 0x0000000100000000)
  eden space 33280K, 62% used [0x00000000d5e00000,0x00000000d7238378,0x00000000d7e80000)
  from space 5120K, 99% used [0x00000000d7e80000,0x00000000d837fa58,0x00000000d8380000)
  to   space 5120K, 0% used [0x00000000d8d80000,0x00000000d8d80000,0x00000000d9280000)
 ParOldGen       total 66560K, used 9966K [0x0000000081a00000, 0x0000000085b00000, 0x00000000d5e00000)
  object space 66560K, 14% used [0x0000000081a00000,0x00000000823bb8b0,0x0000000085b00000)
 Metaspace       used 24310K, capacity 25694K, committed 25984K, reserved 1071104K
  class space    used 3374K, capacity 3634K, committed 3712K, reserved 1048576K
GC Heap History (8 events):
Event: 3.503 GC heap before
{Heap before GC invocations=1 (full 0):
 PSYoungGen      total 38400K, used 33223K [0x00000000d5e00000, 0x00000000d8880000, 0x0000000100000000)
  eden space 33280K, 99% used [0x00000000d5e00000,0x00000000d7e71c40,0x00000000d7e80000)
  from space 5120K, 0% used [0x00000000d8380000,0x00000000d8380000,0x00000000d8880000)
  to   space 5120K, 0% used [0x00000000d7e80000,0x00000000d7e80000,0x00000000d8380000)
 ParOldGen       total 87552K, used 0K [0x0000000081a00000, 0x0000000086f80000, 0x00000000d5e00000)
  object space 87552K, 0% used [0x0000000081a00000,0x0000000081a00000,0x0000000086f80000)
 Metaspace       used 15401K, capacity 16112K, committed 16256K, reserved 1062912K
  class space    used 2132K, capacity 2315K, committed 2432K, reserved 1048576K
Event: 3.530 GC heap after
Heap after GC invocations=1 (full 0):
 PSYoungGen      total 38400K, used 4466K [0x00000000d5e00000, 0x00000000d8880000, 0x0000000100000000)
  eden space 33280K, 0% used [0x00000000d5e00000,0x00000000d5e00000,0x00000000d7e80000)
  from space 5120K, 87% used [0x00000000d7e80000,0x00000000d82dc8a0,0x00000000d8380000)
  to   space 5120K, 0% used [0x00000000d8380000,0x00000000d8380000,0x00000000d8880000)
 ParOldGen       total 87552K, used 8K [0x0000000081a00000, 0x0000000086f80000, 0x00000000d5e00000)
  object space 87552K, 0% used [0x0000000081a00000,0x0000000081a02000,0x0000000086f80000)
 Metaspace       used 15401K, capacity 16112K, committed 16256K, reserved 1062912K
  class space    used 2132K, capacity 2315K, committed 2432K, reserved 1048576K
}
Event: 5.575 GC heap before
{Heap before GC invocations=2 (full 0):
 PSYoungGen      total 38400K, used 23872K [0x00000000d5e00000, 0x00000000d8880000, 0x0000000100000000)
  eden space 33280K, 58% used [0x00000000d5e00000,0x00000000d70f3a10,0x00000000d7e80000)
  from space 5120K, 87% used [0x00000000d7e80000,0x00000000d82dc8a0,0x00000000d8380000)
  to   space 5120K, 0% used [0x00000000d8380000,0x00000000d8380000,0x00000000d8880000)
 ParOldGen       total 87552K, used 8K [0x0000000081a00000, 0x0000000086f80000, 0x00000000d5e00000)
  object space 87552K, 0% used [0x0000000081a00000,0x0000000081a02000,0x0000000086f80000)
 Metaspace       used 20158K, capacity 21178K, committed 21248K, reserved 1067008K
  class space    used 2809K, capacity 3034K, committed 3072K, reserved 1048576K
Event: 5.592 GC heap after
Heap after GC invocations=2 (full 0):
 PSYoungGen      total 38400K, used 5091K [0x00000000d5e00000, 0x00000000d8880000, 0x0000000100000000)
  eden space 33280K, 0% used [0x00000000d5e00000,0x00000000d5e00000,0x00000000d7e80000)
  from space 5120K, 99% used [0x00000000d8380000,0x00000000d8878fd8,0x00000000d8880000)
  to   space 5120K, 0% used [0x00000000d7e80000,0x00000000d7e80000,0x00000000d8380000)
 ParOldGen       total 87552K, used 2980K [0x0000000081a00000, 0x0000000086f80000, 0x00000000d5e00000)
  object space 87552K, 3% used [0x0000000081a00000,0x0000000081ce9240,0x0000000086f80000)
 Metaspace       used 20158K, capacity 21178K, committed 21248K, reserved 1067008K
  class space    used 2809K, capacity 3034K, committed 3072K, reserved 1048576K
}
Event: 5.592 GC heap before
{Heap before GC invocations=3 (full 1):
 PSYoungGen      total 38400K, used 5091K [0x00000000d5e00000, 0x00000000d8880000, 0x0000000100000000)
  eden space 33280K, 0% used [0x00000000d5e00000,0x00000000d5e00000,0x00000000d7e80000)
  from space 5120K, 99% used [0x00000000d8380000,0x00000000d8878fd8,0x00000000d8880000)
  to   space 5120K, 0% used [0x00000000d7e80000,0x00000000d7e80000,0x00000000d8380000)
 ParOldGen       total 87552K, used 2980K [0x0000000081a00000, 0x0000000086f80000, 0x00000000d5e00000)
  object space 87552K, 3% used [0x0000000081a00000,0x0000000081ce9240,0x0000000086f80000)
 Metaspace       used 20158K, capacity 21178K, committed 21248K, reserved 1067008K
  class space    used 2809K, capacity 3034K, committed 3072K, reserved 1048576K
Event: 5.670 GC heap after
Heap after GC invocations=3 (full 1):
 PSYoungGen      total 38400K, used 0K [0x00000000d5e00000, 0x00000000d8880000, 0x0000000100000000)
  eden space 33280K, 0% used [0x00000000d5e00000,0x00000000d5e00000,0x00000000d7e80000)
  from space 5120K, 0% used [0x00000000d8380000,0x00000000d8380000,0x00000000d8880000)
  to   space 5120K, 0% used [0x00000000d7e80000,0x00000000d7e80000,0x00000000d8380000)
 ParOldGen       total 66560K, used 7907K [0x0000000081a00000, 0x0000000085b00000, 0x00000000d5e00000)
  object space 66560K, 11% used [0x0000000081a00000,0x00000000821b8ec0,0x0000000085b00000)
 Metaspace       used 20158K, capacity 21178K, committed 21248K, reserved 1067008K
  class space    used 2809K, capacity 3034K, committed 3072K, reserved 1048576K
}
Event: 14.735 GC heap before
{Heap before GC invocations=4 (full 1):
 PSYoungGen      total 38400K, used 33280K [0x00000000d5e00000, 0x00000000d8880000, 0x0000000100000000)
  eden space 33280K, 100% used [0x00000000d5e00000,0x00000000d7e80000,0x00000000d7e80000)
  from space 5120K, 0% used [0x00000000d8380000,0x00000000d8380000,0x00000000d8880000)
  to   space 5120K, 0% used [0x00000000d7e80000,0x00000000d7e80000,0x00000000d8380000)
 ParOldGen       total 66560K, used 7907K [0x0000000081a00000, 0x0000000085b00000, 0x00000000d5e00000)
  object space 66560K, 11% used [0x0000000081a00000,0x00000000821b8ec0,0x0000000085b00000)
 Metaspace       used 23571K, capacity 24898K, committed 25216K, reserved 1071104K
  class space    used 3337K, capacity 3590K, committed 3712K, reserved 1048576K
Event: 14.755 GC heap after
Heap after GC invocations=4 (full 1):
 PSYoungGen      total 38400K, used 5118K [0x00000000d5e00000, 0x00000000d9280000, 0x0000000100000000)
  eden space 33280K, 0% used [0x00000000d5e00000,0x00000000d5e00000,0x00000000d7e80000)
  from space 5120K, 99% used [0x00000000d7e80000,0x00000000d837fa58,0x00000000d8380000)
  to   space 5120K, 0% used [0x00000000d8d80000,0x00000000d8d80000,0x00000000d9280000)
 ParOldGen       total 66560K, used 9966K [0x0000000081a00000, 0x0000000085b00000, 0x00000000d5e00000)
  object space 66560K, 14% used [0x0000000081a00000,0x00000000823bb8b0,0x0000000085b00000)
 Metaspace       used 23571K, capacity 24898K, committed 25216K, reserved 1071104K
  class space    used 3337K, capacity 3590K, committed 3712K, reserved 1048576K
}

