# JRE version: Java(TM) SE Runtime Environment (8.0_72-b15) (build 1.8.0_72-b15)
# Java VM: Java HotSpot(TM) 64-Bit Server VM (25.72-b15 mixed mode windows-amd64 compressed oops)
Heap:
 PSYoungGen      total 420864K, used 301878K [0x00000000d5e00000, 0x00000000f7780000, 0x0000000100000000)
  eden space 345600K, 65% used [0x00000000d5e00000,0x00000000e3b69688,0x00000000eaf80000)
  from space 75264K, 99% used [0x00000000ec180000,0x00000000f0ae4418,0x00000000f0b00000)
  to   space 102400K, 0% used [0x00000000f1380000,0x00000000f1380000,0x00000000f7780000)
 ParOldGen       total 233984K, used 157003K [0x0000000081a00000, 0x000000008fe80000, 0x00000000d5e00000)
  object space 233984K, 67% used [0x0000000081a00000,0x000000008b352e88,0x000000008fe80000)
 Metaspace       used 27084K, capacity 28600K, committed 28800K, reserved 1075200K
  class space    used 3615K, capacity 3910K, committed 3968K, reserved 1048576K
GC Heap History (10 events):
Event: 8.709 GC heap before
{Heap before GC invocations=8 (full 0):
 PSYoungGen      total 145920K, used 145891K [0x00000000d5e00000, 0x00000000e8700000, 0x0000000100000000)
  eden space 132608K, 100% used [0x00000000d5e00000,0x00000000ddf80000,0x00000000ddf80000)
  from space 13312K, 99% used [0x00000000ddf80000,0x00000000dec78ce0,0x00000000dec80000)
  to   space 19456K, 0% used [0x00000000e7400000,0x00000000e7400000,0x00000000e8700000)
 ParOldGen       total 87552K, used 24543K [0x0000000081a00000, 0x0000000086f80000, 0x00000000d5e00000)
  object space 87552K, 28% used [0x0000000081a00000,0x00000000831f7e50,0x0000000086f80000)
 Metaspace       used 18279K, capacity 19176K, committed 19328K, reserved 1067008K
  class space    used 2453K, capacity 2660K, committed 2688K, reserved 1048576K
Event: 8.954 GC heap after
Heap after GC invocations=8 (full 0):
 PSYoungGen      total 269824K, used 19438K [0x00000000d5e00000, 0x00000000ea400000, 0x0000000100000000)
  eden space 250368K, 0% used [0x00000000d5e00000,0x00000000d5e00000,0x00000000e5280000)
  from space 19456K, 99% used [0x00000000e7400000,0x00000000e86fba40,0x00000000e8700000)
  to   space 34304K, 0% used [0x00000000e5280000,0x00000000e5280000,0x00000000e7400000)
 ParOldGen       total 87552K, used 51621K [0x0000000081a00000, 0x0000000086f80000, 0x00000000d5e00000)
  object space 87552K, 58% used [0x0000000081a00000,0x0000000084c697a0,0x0000000086f80000)
 Metaspace       used 18279K, capacity 19176K, committed 19328K, reserved 1067008K
  class space    used 2453K, capacity 2660K, committed 2688K, reserved 1048576K
}
Event: 10.004 GC heap before
{Heap before GC invocations=9 (full 0):
 PSYoungGen      total 269824K, used 169700K [0x00000000d5e00000, 0x00000000ea400000, 0x0000000100000000)
  eden space 250368K, 60% used [0x00000000d5e00000,0x00000000df0bd8a8,0x00000000e5280000)
  from space 19456K, 99% used [0x00000000e7400000,0x00000000e86fba40,0x00000000e8700000)
  to   space 34304K, 0% used [0x00000000e5280000,0x00000000e5280000,0x00000000e7400000)
 ParOldGen       total 87552K, used 51621K [0x0000000081a00000, 0x0000000086f80000, 0x00000000d5e00000)
  object space 87552K, 58% used [0x0000000081a00000,0x0000000084c697a0,0x0000000086f80000)
 Metaspace       used 20072K, capacity 21186K, committed 21248K, reserved 1067008K
  class space    used 2763K, capacity 3017K, committed 3072K, reserved 1048576K
Event: 10.426 GC heap after
Heap after GC invocations=9 (full 0):
 PSYoungGen      total 284672K, used 34301K [0x00000000d5e00000, 0x00000000f7680000, 0x0000000100000000)
  eden space 250368K, 0% used [0x00000000d5e00000,0x00000000d5e00000,0x00000000e5280000)
  from space 34304K, 99% used [0x00000000e5280000,0x00000000e73ff428,0x00000000e7400000)
  to   space 74240K, 0% used [0x00000000f2e00000,0x00000000f2e00000,0x00000000f7680000)
 ParOldGen       total 136704K, used 135632K [0x0000000081a00000, 0x0000000089f80000, 0x00000000d5e00000)
  object space 136704K, 99% used [0x0000000081a00000,0x0000000089e74170,0x0000000089f80000)
 Metaspace       used 20072K, capacity 21186K, committed 21248K, reserved 1067008K
  class space    used 2763K, capacity 3017K, committed 3072K, reserved 1048576K
}
Event: 10.427 GC heap before
{Heap before GC invocations=10 (full 1):
 PSYoungGen      total 284672K, used 34301K [0x00000000d5e00000, 0x00000000f7680000, 0x0000000100000000)
  eden space 250368K, 0% used [0x00000000d5e00000,0x00000000d5e00000,0x00000000e5280000)
  from space 34304K, 99% used [0x00000000e5280000,0x00000000e73ff428,0x00000000e7400000)
  to   space 74240K, 0% used [0x00000000f2e00000,0x00000000f2e00000,0x00000000f7680000)
 ParOldGen       total 136704K, used 135632K [0x0000000081a00000, 0x0000000089f80000, 0x00000000d5e00000)
  object space 136704K, 99% used [0x0000000081a00000,0x0000000089e74170,0x0000000089f80000)
 Metaspace       used 20072K, capacity 21186K, committed 21248K, reserved 1067008K
  class space    used 2763K, capacity 3017K, committed 3072K, reserved 1048576K
Event: 13.321 GC heap after
Heap after GC invocations=10 (full 1):
 PSYoungGen      total 284672K, used 0K [0x00000000d5e00000, 0x00000000f7680000, 0x0000000100000000)
  eden space 250368K, 0% used [0x00000000d5e00000,0x00000000d5e00000,0x00000000e5280000)
  from space 34304K, 0% used [0x00000000e5280000,0x00000000e5280000,0x00000000e7400000)
  to   space 74240K, 0% used [0x00000000f2e00000,0x00000000f2e00000,0x00000000f7680000)
 ParOldGen       total 233984K, used 130268K [0x0000000081a00000, 0x000000008fe80000, 0x00000000d5e00000)
  object space 233984K, 55% used [0x0000000081a00000,0x0000000089937298,0x000000008fe80000)
 Metaspace       used 20072K, capacity 21186K, committed 21248K, reserved 1067008K
  class space    used 2763K, capacity 3017K, committed 3072K, reserved 1048576K
}
Event: 40.482 GC heap before
{Heap before GC invocations=11 (full 1):
 PSYoungGen      total 284672K, used 248117K [0x00000000d5e00000, 0x00000000f7680000, 0x0000000100000000)
  eden space 250368K, 99% used [0x00000000d5e00000,0x00000000e504d480,0x00000000e5280000)
  from space 34304K, 0% used [0x00000000e5280000,0x00000000e5280000,0x00000000e7400000)
  to   space 74240K, 0% used [0x00000000f2e00000,0x00000000f2e00000,0x00000000f7680000)
 ParOldGen       total 233984K, used 134774K [0x0000000081a00000, 0x000000008fe80000, 0x00000000d5e00000)
  object space 233984K, 57% used [0x0000000081a00000,0x0000000089d9da18,0x000000008fe80000)
 Metaspace       used 26053K, capacity 27526K, committed 27776K, reserved 1073152K
  class space    used 3565K, capacity 3877K, committed 3968K, reserved 1048576K
Event: 40.589 GC heap after
Heap after GC invocations=11 (full 1):
 PSYoungGen      total 372736K, used 74210K [0x00000000d5e00000, 0x00000000f7680000, 0x0000000100000000)
  eden space 298496K, 0% used [0x00000000d5e00000,0x00000000d5e00000,0x00000000e8180000)
  from space 74240K, 99% used [0x00000000f2e00000,0x00000000f7678998,0x00000000f7680000)
  to   space 92672K, 0% used [0x00000000ec180000,0x00000000ec180000,0x00000000f1c00000)
 ParOldGen       total 233984K, used 150237K [0x0000000081a00000, 0x000000008fe80000, 0x00000000d5e00000)
  object space 233984K, 64% used [0x0000000081a00000,0x000000008acb74f0,0x000000008fe80000)
 Metaspace       used 26053K, capacity 27526K, committed 27776K, reserved 1073152K
  class space    used 3565K, capacity 3877K, committed 3968K, reserved 1048576K
}
Event: 73.980 GC heap before
{Heap before GC invocations=12 (full 1):
 PSYoungGen      total 372736K, used 372706K [0x00000000d5e00000, 0x00000000f7680000, 0x0000000100000000)
  eden space 298496K, 100% used [0x00000000d5e00000,0x00000000e8180000,0x00000000e8180000)
  from space 74240K, 99% used [0x00000000f2e00000,0x00000000f7678998,0x00000000f7680000)
  to   space 92672K, 0% used [0x00000000ec180000,0x00000000ec180000,0x00000000f1c00000)
 ParOldGen       total 233984K, used 150246K [0x0000000081a00000, 0x000000008fe80000, 0x00000000d5e00000)
  object space 233984K, 64% used [0x0000000081a00000,0x000000008acb9ba8,0x000000008fe80000)
 Metaspace       used 26618K, capacity 28086K, committed 28288K, reserved 1073152K
  class space    used 3606K, capacity 3901K, committed 3968K, reserved 1048576K
Event: 74.091 GC heap after
Heap after GC invocations=12 (full 1):
 PSYoungGen      total 420864K, used 75153K [0x00000000d5e00000, 0x00000000f7780000, 0x0000000100000000)
  eden space 345600K, 0% used [0x00000000d5e00000,0x00000000d5e00000,0x00000000eaf80000)
  from space 75264K, 99% used [0x00000000ec180000,0x00000000f0ae4418,0x00000000f0b00000)
  to   space 102400K, 0% used [0x00000000f1380000,0x00000000f1380000,0x00000000f7780000)
 ParOldGen       total 233984K, used 157003K [0x0000000081a00000, 0x000000008fe80000, 0x00000000d5e00000)
  object space 233984K, 67% used [0x0000000081a00000,0x000000008b352e88,0x000000008fe80000)
 Metaspace       used 26618K, capacity 28086K, committed 28288K, reserved 1073152K
  class space    used 3606K, capacity 3901K, committed 3968K, reserved 1048576K
}

