# JRE version: Java(TM) SE Runtime Environment (8.0_72-b15) (build 1.8.0_72-b15)
# Java VM: Java HotSpot(TM) 64-Bit Server VM (25.72-b15 mixed mode windows-amd64 compressed oops)
Heap:
 PSYoungGen      total 59392K, used 49306K [0x00000000d5e00000, 0x00000000dba00000, 0x0000000100000000)
  eden space 45056K, 77% used [0x00000000d5e00000,0x00000000d802a440,0x00000000d8a00000)
  from space 14336K, 99% used [0x00000000d8a00000,0x00000000d97fc730,0x00000000d9800000)
  to   space 20480K, 0% used [0x00000000da600000,0x00000000da600000,0x00000000dba00000)
 ParOldGen       total 69632K, used 30025K [0x0000000081a00000, 0x0000000085e00000, 0x00000000d5e00000)
  object space 69632K, 43% used [0x0000000081a00000,0x00000000837527b0,0x0000000085e00000)
 Metaspace       used 27536K, capacity 29210K, committed 29312K, reserved 1075200K
  class space    used 3673K, capacity 3968K, committed 3968K, reserved 1048576K
GC Heap History (10 events):
Event: 13.473 GC heap before
{Heap before GC invocations=4 (full 1):
 PSYoungGen      total 38400K, used 33280K [0x00000000d5e00000, 0x00000000d8880000, 0x0000000100000000)
  eden space 33280K, 100% used [0x00000000d5e00000,0x00000000d7e80000,0x00000000d7e80000)
  from space 5120K, 0% used [0x00000000d8380000,0x00000000d8380000,0x00000000d8880000)
  to   space 5120K, 0% used [0x00000000d7e80000,0x00000000d7e80000,0x00000000d8380000)
 ParOldGen       total 69632K, used 7796K [0x0000000081a00000, 0x0000000085e00000, 0x00000000d5e00000)
  object space 69632K, 11% used [0x0000000081a00000,0x000000008219d320,0x0000000085e00000)
 Metaspace       used 23803K, capacity 25214K, committed 25472K, reserved 1071104K
  class space    used 3354K, capacity 3632K, committed 3712K, reserved 1048576K
Event: 13.489 GC heap after
Heap after GC invocations=4 (full 1):
 PSYoungGen      total 38400K, used 5116K [0x00000000d5e00000, 0x00000000d9000000, 0x0000000100000000)
  eden space 33280K, 0% used [0x00000000d5e00000,0x00000000d5e00000,0x00000000d7e80000)
  from space 5120K, 99% used [0x00000000d7e80000,0x00000000d837f150,0x00000000d8380000)
  to   space 5120K, 0% used [0x00000000d8b00000,0x00000000d8b00000,0x00000000d9000000)
 ParOldGen       total 69632K, used 10083K [0x0000000081a00000, 0x0000000085e00000, 0x00000000d5e00000)
  object space 69632K, 14% used [0x0000000081a00000,0x00000000823d8eb0,0x0000000085e00000)
 Metaspace       used 23803K, capacity 25214K, committed 25472K, reserved 1071104K
  class space    used 3354K, capacity 3632K, committed 3712K, reserved 1048576K
}
Event: 38.156 GC heap before
{Heap before GC invocations=5 (full 1):
 PSYoungGen      total 38400K, used 38396K [0x00000000d5e00000, 0x00000000d9000000, 0x0000000100000000)
  eden space 33280K, 100% used [0x00000000d5e00000,0x00000000d7e80000,0x00000000d7e80000)
  from space 5120K, 99% used [0x00000000d7e80000,0x00000000d837f150,0x00000000d8380000)
  to   space 5120K, 0% used [0x00000000d8b00000,0x00000000d8b00000,0x00000000d9000000)
 ParOldGen       total 69632K, used 10083K [0x0000000081a00000, 0x0000000085e00000, 0x00000000d5e00000)
  object space 69632K, 14% used [0x0000000081a00000,0x00000000823d8eb0,0x0000000085e00000)
 Metaspace       used 24443K, capacity 25812K, committed 25984K, reserved 1071104K
  class space    used 3369K, capacity 3635K, committed 3712K, reserved 1048576K
Event: 38.178 GC heap after
Heap after GC invocations=5 (full 1):
 PSYoungGen      total 44544K, used 5119K [0x00000000d5e00000, 0x00000000d9000000, 0x0000000100000000)
  eden space 39424K, 0% used [0x00000000d5e00000,0x00000000d5e00000,0x00000000d8480000)
  from space 5120K, 99% used [0x00000000d8b00000,0x00000000d8fffd30,0x00000000d9000000)
  to   space 5120K, 0% used [0x00000000d8600000,0x00000000d8600000,0x00000000d8b00000)
 ParOldGen       total 69632K, used 13264K [0x0000000081a00000, 0x0000000085e00000, 0x00000000d5e00000)
  object space 69632K, 19% used [0x0000000081a00000,0x00000000826f41e8,0x0000000085e00000)
 Metaspace       used 24443K, capacity 25812K, committed 25984K, reserved 1071104K
  class space    used 3369K, capacity 3635K, committed 3712K, reserved 1048576K
}
Event: 42.347 GC heap before
{Heap before GC invocations=6 (full 1):
 PSYoungGen      total 44544K, used 44543K [0x00000000d5e00000, 0x00000000d9000000, 0x0000000100000000)
  eden space 39424K, 100% used [0x00000000d5e00000,0x00000000d8480000,0x00000000d8480000)
  from space 5120K, 99% used [0x00000000d8b00000,0x00000000d8fffd30,0x00000000d9000000)
  to   space 5120K, 0% used [0x00000000d8600000,0x00000000d8600000,0x00000000d8b00000)
 ParOldGen       total 69632K, used 13264K [0x0000000081a00000, 0x0000000085e00000, 0x00000000d5e00000)
  object space 69632K, 19% used [0x0000000081a00000,0x00000000826f41e8,0x0000000085e00000)
 Metaspace       used 24749K, capacity 26164K, committed 26240K, reserved 1071104K
  class space    used 3378K, capacity 3641K, committed 3712K, reserved 1048576K
Event: 42.359 GC heap after
Heap after GC invocations=6 (full 1):
 PSYoungGen      total 46080K, used 5111K [0x00000000d5e00000, 0x00000000da500000, 0x0000000100000000)
  eden space 40960K, 0% used [0x00000000d5e00000,0x00000000d5e00000,0x00000000d8600000)
  from space 5120K, 99% used [0x00000000d8600000,0x00000000d8afdc60,0x00000000d8b00000)
  to   space 13312K, 0% used [0x00000000d9800000,0x00000000d9800000,0x00000000da500000)
 ParOldGen       total 69632K, used 21325K [0x0000000081a00000, 0x0000000085e00000, 0x00000000d5e00000)
  object space 69632K, 30% used [0x0000000081a00000,0x0000000082ed3680,0x0000000085e00000)
 Metaspace       used 24749K, capacity 26164K, committed 26240K, reserved 1071104K
  class space    used 3378K, capacity 3641K, committed 3712K, reserved 1048576K
}
Event: 50.216 GC heap before
{Heap before GC invocations=7 (full 1):
 PSYoungGen      total 46080K, used 46071K [0x00000000d5e00000, 0x00000000da500000, 0x0000000100000000)
  eden space 40960K, 100% used [0x00000000d5e00000,0x00000000d8600000,0x00000000d8600000)
  from space 5120K, 99% used [0x00000000d8600000,0x00000000d8afdc60,0x00000000d8b00000)
  to   space 13312K, 0% used [0x00000000d9800000,0x00000000d9800000,0x00000000da500000)
 ParOldGen       total 69632K, used 21325K [0x0000000081a00000, 0x0000000085e00000, 0x00000000d5e00000)
  object space 69632K, 30% used [0x0000000081a00000,0x0000000082ed3680,0x0000000085e00000)
 Metaspace       used 26347K, capacity 27850K, committed 27904K, reserved 1073152K
  class space    used 3538K, capacity 3812K, committed 3840K, reserved 1048576K
Event: 50.231 GC heap after
Heap after GC invocations=7 (full 1):
 PSYoungGen      total 58368K, used 11324K [0x00000000d5e00000, 0x00000000da800000, 0x0000000100000000)
  eden space 45056K, 0% used [0x00000000d5e00000,0x00000000d5e00000,0x00000000d8a00000)
  from space 13312K, 85% used [0x00000000d9800000,0x00000000da30f3b0,0x00000000da500000)
  to   space 14336K, 0% used [0x00000000d8a00000,0x00000000d8a00000,0x00000000d9800000)
 ParOldGen       total 69632K, used 21333K [0x0000000081a00000, 0x0000000085e00000, 0x00000000d5e00000)
  object space 69632K, 30% used [0x0000000081a00000,0x0000000082ed5680,0x0000000085e00000)
 Metaspace       used 26347K, capacity 27850K, committed 27904K, reserved 1073152K
  class space    used 3538K, capacity 3812K, committed 3840K, reserved 1048576K
}
Event: 52.899 GC heap before
{Heap before GC invocations=8 (full 1):
 PSYoungGen      total 58368K, used 56380K [0x00000000d5e00000, 0x00000000da800000, 0x0000000100000000)
  eden space 45056K, 100% used [0x00000000d5e00000,0x00000000d8a00000,0x00000000d8a00000)
  from space 13312K, 85% used [0x00000000d9800000,0x00000000da30f3b0,0x00000000da500000)
  to   space 14336K, 0% used [0x00000000d8a00000,0x00000000d8a00000,0x00000000d9800000)
 ParOldGen       total 69632K, used 21646K [0x0000000081a00000, 0x0000000085e00000, 0x00000000d5e00000)
  object space 69632K, 31% used [0x0000000081a00000,0x0000000082f23850,0x0000000085e00000)
 Metaspace       used 26616K, capacity 28124K, committed 28288K, reserved 1073152K
  class space    used 3549K, capacity 3853K, committed 3968K, reserved 1048576K
Event: 52.918 GC heap after
Heap after GC invocations=8 (full 1):
 PSYoungGen      total 59392K, used 14321K [0x00000000d5e00000, 0x00000000dba00000, 0x0000000100000000)
  eden space 45056K, 0% used [0x00000000d5e00000,0x00000000d5e00000,0x00000000d8a00000)
  from space 14336K, 99% used [0x00000000d8a00000,0x00000000d97fc730,0x00000000d9800000)
  to   space 20480K, 0% used [0x00000000da600000,0x00000000da600000,0x00000000dba00000)
 ParOldGen       total 69632K, used 30025K [0x0000000081a00000, 0x0000000085e00000, 0x00000000d5e00000)
  object space 69632K, 43% used [0x0000000081a00000,0x00000000837527b0,0x0000000085e00000)
 Metaspace       used 26616K, capacity 28124K, committed 28288K, reserved 1073152K
  class space    used 3549K, capacity 3853K, committed 3968K, reserved 1048576K
}

