# JRE version: Java(TM) SE Runtime Environment (8.0_72-b15) (build 1.8.0_72-b15)
# Java VM: Java HotSpot(TM) 64-Bit Server VM (25.72-b15 mixed mode windows-amd64 compressed oops)
Heap:
 PSYoungGen      total 283648K, used 91841K [0x00000000d5e00000, 0x00000000f6f00000, 0x0000000100000000)
  eden space 246272K, 37% used [0x00000000d5e00000,0x00000000db7b0570,0x00000000e4e80000)
  from space 37376K, 0% used [0x00000000e4e80000,0x00000000e4e80000,0x00000000e7300000)
  to   space 73728K, 0% used [0x00000000f2700000,0x00000000f2700000,0x00000000f6f00000)
 ParOldGen       total 232448K, used 130512K [0x0000000081a00000, 0x000000008fd00000, 0x00000000d5e00000)
  object space 232448K, 56% used [0x0000000081a00000,0x0000000089974120,0x000000008fd00000)
 Metaspace       used 24590K, capacity 26098K, committed 26368K, reserved 1071104K
  class space    used 3409K, capacity 3727K, committed 3840K, reserved 1048576K
GC Heap History (10 events):
Event: 1.573 GC heap before
{Heap before GC invocations=6 (full 0):
 PSYoungGen      total 71680K, used 71674K [0x00000000d5e00000, 0x00000000df900000, 0x0000000100000000)
  eden space 66560K, 100% used [0x00000000d5e00000,0x00000000d9f00000,0x00000000d9f00000)
  from space 5120K, 99% used [0x00000000d9f00000,0x00000000da3fe830,0x00000000da400000)
  to   space 12800K, 0% used [0x00000000dec80000,0x00000000dec80000,0x00000000df900000)
 ParOldGen       total 87552K, used 15191K [0x0000000081a00000, 0x0000000086f80000, 0x00000000d5e00000)
  object space 87552K, 17% used [0x0000000081a00000,0x00000000828d5d48,0x0000000086f80000)
 Metaspace       used 14539K, capacity 15040K, committed 15360K, reserved 1062912K
  class space    used 1864K, capacity 1998K, committed 2048K, reserved 1048576K
Event: 1.581 GC heap after
Heap after GC invocations=6 (full 0):
 PSYoungGen      total 144896K, used 10717K [0x00000000d5e00000, 0x00000000dfb00000, 0x0000000100000000)
  eden space 132096K, 0% used [0x00000000d5e00000,0x00000000d5e00000,0x00000000ddf00000)
  from space 12800K, 83% used [0x00000000dec80000,0x00000000df6f7498,0x00000000df900000)
  to   space 13824K, 0% used [0x00000000ddf00000,0x00000000ddf00000,0x00000000dec80000)
 ParOldGen       total 87552K, used 15199K [0x0000000081a00000, 0x0000000086f80000, 0x00000000d5e00000)
  object space 87552K, 17% used [0x0000000081a00000,0x00000000828d7d48,0x0000000086f80000)
 Metaspace       used 14539K, capacity 15040K, committed 15360K, reserved 1062912K
  class space    used 1864K, capacity 1998K, committed 2048K, reserved 1048576K
}
Event: 1.759 GC heap before
{Heap before GC invocations=7 (full 0):
 PSYoungGen      total 144896K, used 142813K [0x00000000d5e00000, 0x00000000dfb00000, 0x0000000100000000)
  eden space 132096K, 100% used [0x00000000d5e00000,0x00000000ddf00000,0x00000000ddf00000)
  from space 12800K, 83% used [0x00000000dec80000,0x00000000df6f7498,0x00000000df900000)
  to   space 13824K, 0% used [0x00000000ddf00000,0x00000000ddf00000,0x00000000dec80000)
 ParOldGen       total 87552K, used 15199K [0x0000000081a00000, 0x0000000086f80000, 0x00000000d5e00000)
  object space 87552K, 17% used [0x0000000081a00000,0x00000000828d7d48,0x0000000086f80000)
 Metaspace       used 16147K, capacity 16730K, committed 16896K, reserved 1064960K
  class space    used 2109K, capacity 2273K, committed 2304K, reserved 1048576K
Event: 1.771 GC heap after
Heap after GC invocations=7 (full 0):
 PSYoungGen      total 145920K, used 13816K [0x00000000d5e00000, 0x00000000e8600000, 0x0000000100000000)
  eden space 132096K, 0% used [0x00000000d5e00000,0x00000000d5e00000,0x00000000ddf00000)
  from space 13824K, 99% used [0x00000000ddf00000,0x00000000dec7e170,0x00000000dec80000)
  to   space 19456K, 0% used [0x00000000e7300000,0x00000000e7300000,0x00000000e8600000)
 ParOldGen       total 87552K, used 22149K [0x0000000081a00000, 0x0000000086f80000, 0x00000000d5e00000)
  object space 87552K, 25% used [0x0000000081a00000,0x0000000082fa1730,0x0000000086f80000)
 Metaspace       used 16147K, capacity 16730K, committed 16896K, reserved 1064960K
  class space    used 2109K, capacity 2273K, committed 2304K, reserved 1048576K
}
Event: 2.022 GC heap before
{Heap before GC invocations=8 (full 0):
 PSYoungGen      total 145920K, used 145912K [0x00000000d5e00000, 0x00000000e8600000, 0x0000000100000000)
  eden space 132096K, 100% used [0x00000000d5e00000,0x00000000ddf00000,0x00000000ddf00000)
  from space 13824K, 99% used [0x00000000ddf00000,0x00000000dec7e170,0x00000000dec80000)
  to   space 19456K, 0% used [0x00000000e7300000,0x00000000e7300000,0x00000000e8600000)
 ParOldGen       total 87552K, used 22149K [0x0000000081a00000, 0x0000000086f80000, 0x00000000d5e00000)
  object space 87552K, 25% used [0x0000000081a00000,0x0000000082fa1730,0x0000000086f80000)
 Metaspace       used 17398K, capacity 18202K, committed 18432K, reserved 1064960K
  class space    used 2361K, capacity 2559K, committed 2560K, reserved 1048576K
Event: 2.086 GC heap after
Heap after GC invocations=8 (full 0):
 PSYoungGen      total 265728K, used 19446K [0x00000000d5e00000, 0x00000000ea900000, 0x0000000100000000)
  eden space 246272K, 0% used [0x00000000d5e00000,0x00000000d5e00000,0x00000000e4e80000)
  from space 19456K, 99% used [0x00000000e7300000,0x00000000e85fdaa8,0x00000000e8600000)
  to   space 37376K, 0% used [0x00000000e4e80000,0x00000000e4e80000,0x00000000e7300000)
 ParOldGen       total 87552K, used 56628K [0x0000000081a00000, 0x0000000086f80000, 0x00000000d5e00000)
  object space 87552K, 64% used [0x0000000081a00000,0x000000008514d3a0,0x0000000086f80000)
 Metaspace       used 17398K, capacity 18202K, committed 18432K, reserved 1064960K
  class space    used 2361K, capacity 2559K, committed 2560K, reserved 1048576K
}
Event: 6.762 GC heap before
{Heap before GC invocations=9 (full 0):
 PSYoungGen      total 265728K, used 158498K [0x00000000d5e00000, 0x00000000ea900000, 0x0000000100000000)
  eden space 246272K, 56% used [0x00000000d5e00000,0x00000000de5cb0a8,0x00000000e4e80000)
  from space 19456K, 99% used [0x00000000e7300000,0x00000000e85fdaa8,0x00000000e8600000)
  to   space 37376K, 0% used [0x00000000e4e80000,0x00000000e4e80000,0x00000000e7300000)
 ParOldGen       total 87552K, used 56628K [0x0000000081a00000, 0x0000000086f80000, 0x00000000d5e00000)
  object space 87552K, 64% used [0x0000000081a00000,0x000000008514d3a0,0x0000000086f80000)
 Metaspace       used 20117K, capacity 21160K, committed 21248K, reserved 1067008K
  class space    used 2790K, capacity 3042K, committed 3072K, reserved 1048576K
Event: 6.876 GC heap after
Heap after GC invocations=9 (full 0):
 PSYoungGen      total 283648K, used 37364K [0x00000000d5e00000, 0x00000000f6f00000, 0x0000000100000000)
  eden space 246272K, 0% used [0x00000000d5e00000,0x00000000d5e00000,0x00000000e4e80000)
  from space 37376K, 99% used [0x00000000e4e80000,0x00000000e72fd260,0x00000000e7300000)
  to   space 73728K, 0% used [0x00000000f2700000,0x00000000f2700000,0x00000000f6f00000)
 ParOldGen       total 132608K, used 131595K [0x0000000081a00000, 0x0000000089b80000, 0x00000000d5e00000)
  object space 132608K, 99% used [0x0000000081a00000,0x0000000089a82fb8,0x0000000089b80000)
 Metaspace       used 20117K, capacity 21160K, committed 21248K, reserved 1067008K
  class space    used 2790K, capacity 3042K, committed 3072K, reserved 1048576K
}
Event: 6.876 GC heap before
{Heap before GC invocations=10 (full 1):
 PSYoungGen      total 283648K, used 37364K [0x00000000d5e00000, 0x00000000f6f00000, 0x0000000100000000)
  eden space 246272K, 0% used [0x00000000d5e00000,0x00000000d5e00000,0x00000000e4e80000)
  from space 37376K, 99% used [0x00000000e4e80000,0x00000000e72fd260,0x00000000e7300000)
  to   space 73728K, 0% used [0x00000000f2700000,0x00000000f2700000,0x00000000f6f00000)
 ParOldGen       total 132608K, used 131595K [0x0000000081a00000, 0x0000000089b80000, 0x00000000d5e00000)
  object space 132608K, 99% used [0x0000000081a00000,0x0000000089a82fb8,0x0000000089b80000)
 Metaspace       used 20117K, capacity 21160K, committed 21248K, reserved 1067008K
  class space    used 2790K, capacity 3042K, committed 3072K, reserved 1048576K
Event: 7.867 GC heap after
Heap after GC invocations=10 (full 1):
 PSYoungGen      total 283648K, used 0K [0x00000000d5e00000, 0x00000000f6f00000, 0x0000000100000000)
  eden space 246272K, 0% used [0x00000000d5e00000,0x00000000d5e00000,0x00000000e4e80000)
  from space 37376K, 0% used [0x00000000e4e80000,0x00000000e4e80000,0x00000000e7300000)
  to   space 73728K, 0% used [0x00000000f2700000,0x00000000f2700000,0x00000000f6f00000)
 ParOldGen       total 232448K, used 130512K [0x0000000081a00000, 0x000000008fd00000, 0x00000000d5e00000)
  object space 232448K, 56% used [0x0000000081a00000,0x0000000089974120,0x000000008fd00000)
 Metaspace       used 20117K, capacity 21160K, committed 21248K, reserved 1067008K
  class space    used 2790K, capacity 3042K, committed 3072K, reserved 1048576K
}

