# JRE version: Java(TM) SE Runtime Environment (8.0_72-b15) (build 1.8.0_72-b15)
# Java VM: Java HotSpot(TM) 64-Bit Server VM (25.72-b15 mixed mode windows-amd64 compressed oops)
Heap:
 PSYoungGen      total 45056K, used 32576K [0x00000000d5e00000, 0x00000000d9000000, 0x0000000100000000)
  eden space 39936K, 68% used [0x00000000d5e00000,0x00000000d78d3d98,0x00000000d8500000)
  from space 5120K, 99% used [0x00000000d8b00000,0x00000000d8ffc2f0,0x00000000d9000000)
  to   space 5120K, 0% used [0x00000000d8600000,0x00000000d8600000,0x00000000d8b00000)
 ParOldGen       total 69632K, used 12839K [0x0000000081a00000, 0x0000000085e00000, 0x00000000d5e00000)
  object space 69632K, 18% used [0x0000000081a00000,0x0000000082689d10,0x0000000085e00000)
 Metaspace       used 26176K, capacity 27884K, committed 28032K, reserved 1073152K
  class space    used 3583K, capacity 3913K, committed 3968K, reserved 1048576K
GC Heap History (10 events):
Event: 3.676 GC heap before
{Heap before GC invocations=1 (full 0):
 PSYoungGen      total 38400K, used 33221K [0x00000000d5e00000, 0x00000000d8880000, 0x0000000100000000)
  eden space 33280K, 99% used [0x00000000d5e00000,0x00000000d7e71620,0x00000000d7e80000)
  from space 5120K, 0% used [0x00000000d8380000,0x00000000d8380000,0x00000000d8880000)
  to   space 5120K, 0% used [0x00000000d7e80000,0x00000000d7e80000,0x00000000d8380000)
 ParOldGen       total 87552K, used 0K [0x0000000081a00000, 0x0000000086f80000, 0x00000000d5e00000)
  object space 87552K, 0% used [0x0000000081a00000,0x0000000081a00000,0x0000000086f80000)
 Metaspace       used 15387K, capacity 16108K, committed 16256K, reserved 1062912K
  class space    used 2135K, capacity 2315K, committed 2432K, reserved 1048576K
Event: 3.691 GC heap after
Heap after GC invocations=1 (full 0):
 PSYoungGen      total 38400K, used 4507K [0x00000000d5e00000, 0x00000000d8880000, 0x0000000100000000)
  eden space 33280K, 0% used [0x00000000d5e00000,0x00000000d5e00000,0x00000000d7e80000)
  from space 5120K, 88% used [0x00000000d7e80000,0x00000000d82e6f78,0x00000000d8380000)
  to   space 5120K, 0% used [0x00000000d8380000,0x00000000d8380000,0x00000000d8880000)
 ParOldGen       total 87552K, used 16K [0x0000000081a00000, 0x0000000086f80000, 0x00000000d5e00000)
  object space 87552K, 0% used [0x0000000081a00000,0x0000000081a04000,0x0000000086f80000)
 Metaspace       used 15387K, capacity 16108K, committed 16256K, reserved 1062912K
  class space    used 2135K, capacity 2315K, committed 2432K, reserved 1048576K
}
Event: 7.071 GC heap before
{Heap before GC invocations=2 (full 0):
 PSYoungGen      total 38400K, used 23843K [0x00000000d5e00000, 0x00000000d8880000, 0x0000000100000000)
  eden space 33280K, 58% used [0x00000000d5e00000,0x00000000d70e1d48,0x00000000d7e80000)
  from space 5120K, 88% used [0x00000000d7e80000,0x00000000d82e6f78,0x00000000d8380000)
  to   space 5120K, 0% used [0x00000000d8380000,0x00000000d8380000,0x00000000d8880000)
 ParOldGen       total 87552K, used 16K [0x0000000081a00000, 0x0000000086f80000, 0x00000000d5e00000)
  object space 87552K, 0% used [0x0000000081a00000,0x0000000081a04000,0x0000000086f80000)
 Metaspace       used 20136K, capacity 21178K, committed 21248K, reserved 1067008K
  class space    used 2811K, capacity 3034K, committed 3072K, reserved 1048576K
Event: 7.092 GC heap after
Heap after GC invocations=2 (full 0):
 PSYoungGen      total 38400K, used 5108K [0x00000000d5e00000, 0x00000000d8880000, 0x0000000100000000)
  eden space 33280K, 0% used [0x00000000d5e00000,0x00000000d5e00000,0x00000000d7e80000)
  from space 5120K, 99% used [0x00000000d8380000,0x00000000d887d008,0x00000000d8880000)
  to   space 5120K, 0% used [0x00000000d7e80000,0x00000000d7e80000,0x00000000d8380000)
 ParOldGen       total 87552K, used 2934K [0x0000000081a00000, 0x0000000086f80000, 0x00000000d5e00000)
  object space 87552K, 3% used [0x0000000081a00000,0x0000000081cddac8,0x0000000086f80000)
 Metaspace       used 20136K, capacity 21178K, committed 21248K, reserved 1067008K
  class space    used 2811K, capacity 3034K, committed 3072K, reserved 1048576K
}
Event: 7.092 GC heap before
{Heap before GC invocations=3 (full 1):
 PSYoungGen      total 38400K, used 5108K [0x00000000d5e00000, 0x00000000d8880000, 0x0000000100000000)
  eden space 33280K, 0% used [0x00000000d5e00000,0x00000000d5e00000,0x00000000d7e80000)
  from space 5120K, 99% used [0x00000000d8380000,0x00000000d887d008,0x00000000d8880000)
  to   space 5120K, 0% used [0x00000000d7e80000,0x00000000d7e80000,0x00000000d8380000)
 ParOldGen       total 87552K, used 2934K [0x0000000081a00000, 0x0000000086f80000, 0x00000000d5e00000)
  object space 87552K, 3% used [0x0000000081a00000,0x0000000081cddac8,0x0000000086f80000)
 Metaspace       used 20136K, capacity 21178K, committed 21248K, reserved 1067008K
  class space    used 2811K, capacity 3034K, committed 3072K, reserved 1048576K
Event: 7.188 GC heap after
Heap after GC invocations=3 (full 1):
 PSYoungGen      total 38400K, used 0K [0x00000000d5e00000, 0x00000000d8880000, 0x0000000100000000)
  eden space 33280K, 0% used [0x00000000d5e00000,0x00000000d5e00000,0x00000000d7e80000)
  from space 5120K, 0% used [0x00000000d8380000,0x00000000d8380000,0x00000000d8880000)
  to   space 5120K, 0% used [0x00000000d7e80000,0x00000000d7e80000,0x00000000d8380000)
 ParOldGen       total 69632K, used 7907K [0x0000000081a00000, 0x0000000085e00000, 0x00000000d5e00000)
  object space 69632K, 11% used [0x0000000081a00000,0x00000000821b8fd8,0x0000000085e00000)
 Metaspace       used 20136K, capacity 21178K, committed 21248K, reserved 1067008K
  class space    used 2811K, capacity 3034K, committed 3072K, reserved 1048576K
}
Event: 16.946 GC heap before
{Heap before GC invocations=4 (full 1):
 PSYoungGen      total 38400K, used 33280K [0x00000000d5e00000, 0x00000000d8880000, 0x0000000100000000)
  eden space 33280K, 100% used [0x00000000d5e00000,0x00000000d7e80000,0x00000000d7e80000)
  from space 5120K, 0% used [0x00000000d8380000,0x00000000d8380000,0x00000000d8880000)
  to   space 5120K, 0% used [0x00000000d7e80000,0x00000000d7e80000,0x00000000d8380000)
 ParOldGen       total 69632K, used 7907K [0x0000000081a00000, 0x0000000085e00000, 0x00000000d5e00000)
  object space 69632K, 11% used [0x0000000081a00000,0x00000000821b8fd8,0x0000000085e00000)
 Metaspace       used 23761K, capacity 25148K, committed 25472K, reserved 1071104K
  class space    used 3353K, capacity 3629K, committed 3712K, reserved 1048576K
Event: 16.968 GC heap after
Heap after GC invocations=4 (full 1):
 PSYoungGen      total 38400K, used 5108K [0x00000000d5e00000, 0x00000000d9000000, 0x0000000100000000)
  eden space 33280K, 0% used [0x00000000d5e00000,0x00000000d5e00000,0x00000000d7e80000)
  from space 5120K, 99% used [0x00000000d7e80000,0x00000000d837d0c8,0x00000000d8380000)
  to   space 5120K, 0% used [0x00000000d8b00000,0x00000000d8b00000,0x00000000d9000000)
 ParOldGen       total 69632K, used 9965K [0x0000000081a00000, 0x0000000085e00000, 0x00000000d5e00000)
  object space 69632K, 14% used [0x0000000081a00000,0x00000000823bb730,0x0000000085e00000)
 Metaspace       used 23761K, capacity 25148K, committed 25472K, reserved 1071104K
  class space    used 3353K, capacity 3629K, committed 3712K, reserved 1048576K
}
Event: 42.662 GC heap before
{Heap before GC invocations=5 (full 1):
 PSYoungGen      total 38400K, used 37730K [0x00000000d5e00000, 0x00000000d9000000, 0x0000000100000000)
  eden space 33280K, 98% used [0x00000000d5e00000,0x00000000d7ddb850,0x00000000d7e80000)
  from space 5120K, 99% used [0x00000000d7e80000,0x00000000d837d0c8,0x00000000d8380000)
  to   space 5120K, 0% used [0x00000000d8b00000,0x00000000d8b00000,0x00000000d9000000)
 ParOldGen       total 69632K, used 9965K [0x0000000081a00000, 0x0000000085e00000, 0x00000000d5e00000)
  object space 69632K, 14% used [0x0000000081a00000,0x00000000823bb730,0x0000000085e00000)
 Metaspace       used 24850K, capacity 26296K, committed 26624K, reserved 1073152K
  class space    used 3442K, capacity 3729K, committed 3840K, reserved 1048576K
Event: 42.680 GC heap after
Heap after GC invocations=5 (full 1):
 PSYoungGen      total 45056K, used 5104K [0x00000000d5e00000, 0x00000000d9000000, 0x0000000100000000)
  eden space 39936K, 0% used [0x00000000d5e00000,0x00000000d5e00000,0x00000000d8500000)
  from space 5120K, 99% used [0x00000000d8b00000,0x00000000d8ffc2f0,0x00000000d9000000)
  to   space 5120K, 0% used [0x00000000d8600000,0x00000000d8600000,0x00000000d8b00000)
 ParOldGen       total 69632K, used 12839K [0x0000000081a00000, 0x0000000085e00000, 0x00000000d5e00000)
  object space 69632K, 18% used [0x0000000081a00000,0x0000000082689d10,0x0000000085e00000)
 Metaspace       used 24850K, capacity 26296K, committed 26624K, reserved 1073152K
  class space    used 3442K, capacity 3729K, committed 3840K, reserved 1048576K
}

