# JRE version: Java(TM) SE Runtime Environment (8.0_72-b15) (build 1.8.0_72-b15)
# Java VM: Java HotSpot(TM) 64-Bit Server VM (25.72-b15 mixed mode windows-amd64 compressed oops)
Heap:
 PSYoungGen      total 284160K, used 122157K [0x00000000d5e00000, 0x00000000ffb00000, 0x0000000100000000)
  eden space 264192K, 46% used [0x00000000d5e00000,0x00000000dd54b4e8,0x00000000e6000000)
  from space 19968K, 0% used [0x00000000e6000000,0x00000000e6000000,0x00000000e7380000)
  to   space 78336K, 0% used [0x00000000fae80000,0x00000000fae80000,0x00000000ffb00000)
 ParOldGen       total 252416K, used 130597K [0x0000000081a00000, 0x0000000091080000, 0x00000000d5e00000)
  object space 252416K, 51% used [0x0000000081a00000,0x0000000089989708,0x0000000091080000)
 Metaspace       used 24641K, capacity 26154K, committed 26368K, reserved 1071104K
  class space    used 3403K, capacity 3723K, committed 3840K, reserved 1048576K
GC Heap History (10 events):
Event: 1.559 GC heap before
{Heap before GC invocations=4 (full 0):
 PSYoungGen      total 71680K, used 71670K [0x00000000d5e00000, 0x00000000dea00000, 0x0000000100000000)
  eden space 66560K, 100% used [0x00000000d5e00000,0x00000000d9f00000,0x00000000d9f00000)
  from space 5120K, 99% used [0x00000000d9f00000,0x00000000da3fd880,0x00000000da400000)
  to   space 5120K, 0% used [0x00000000de500000,0x00000000de500000,0x00000000dea00000)
 ParOldGen       total 87552K, used 9868K [0x0000000081a00000, 0x0000000086f80000, 0x00000000d5e00000)
  object space 87552K, 11% used [0x0000000081a00000,0x00000000823a3100,0x0000000086f80000)
 Metaspace       used 15318K, capacity 15798K, committed 16000K, reserved 1062912K
  class space    used 1973K, capacity 2137K, committed 2176K, reserved 1048576K
Event: 1.568 GC heap after
Heap after GC invocations=4 (full 0):
 PSYoungGen      total 138240K, used 5118K [0x00000000d5e00000, 0x00000000dea00000, 0x0000000100000000)
  eden space 133120K, 0% used [0x00000000d5e00000,0x00000000d5e00000,0x00000000de000000)
  from space 5120K, 99% used [0x00000000de500000,0x00000000de9ffa18,0x00000000dea00000)
  to   space 5120K, 0% used [0x00000000de000000,0x00000000de000000,0x00000000de500000)
 ParOldGen       total 87552K, used 14378K [0x0000000081a00000, 0x0000000086f80000, 0x00000000d5e00000)
  object space 87552K, 16% used [0x0000000081a00000,0x000000008280a898,0x0000000086f80000)
 Metaspace       used 15318K, capacity 15798K, committed 16000K, reserved 1062912K
  class space    used 1973K, capacity 2137K, committed 2176K, reserved 1048576K
}
Event: 1.784 GC heap before
{Heap before GC invocations=5 (full 0):
 PSYoungGen      total 138240K, used 138238K [0x00000000d5e00000, 0x00000000dea00000, 0x0000000100000000)
  eden space 133120K, 100% used [0x00000000d5e00000,0x00000000de000000,0x00000000de000000)
  from space 5120K, 99% used [0x00000000de500000,0x00000000de9ffa18,0x00000000dea00000)
  to   space 5120K, 0% used [0x00000000de000000,0x00000000de000000,0x00000000de500000)
 ParOldGen       total 87552K, used 14378K [0x0000000081a00000, 0x0000000086f80000, 0x00000000d5e00000)
  object space 87552K, 16% used [0x0000000081a00000,0x000000008280a898,0x0000000086f80000)
 Metaspace       used 16981K, capacity 17640K, committed 17920K, reserved 1064960K
  class space    used 2282K, capacity 2450K, committed 2560K, reserved 1048576K
Event: 1.805 GC heap after
Heap after GC invocations=5 (full 0):
 PSYoungGen      total 138240K, used 5110K [0x00000000d5e00000, 0x00000000e8500000, 0x0000000100000000)
  eden space 133120K, 0% used [0x00000000d5e00000,0x00000000d5e00000,0x00000000de000000)
  from space 5120K, 99% used [0x00000000de000000,0x00000000de4fda90,0x00000000de500000)
  to   space 17920K, 0% used [0x00000000e7380000,0x00000000e7380000,0x00000000e8500000)
 ParOldGen       total 87552K, used 25180K [0x0000000081a00000, 0x0000000086f80000, 0x00000000d5e00000)
  object space 87552K, 28% used [0x0000000081a00000,0x0000000083297180,0x0000000086f80000)
 Metaspace       used 16981K, capacity 17640K, committed 17920K, reserved 1064960K
  class space    used 2282K, capacity 2450K, committed 2560K, reserved 1048576K
}
Event: 1.977 GC heap before
{Heap before GC invocations=6 (full 0):
 PSYoungGen      total 138240K, used 138230K [0x00000000d5e00000, 0x00000000e8500000, 0x0000000100000000)
  eden space 133120K, 100% used [0x00000000d5e00000,0x00000000de000000,0x00000000de000000)
  from space 5120K, 99% used [0x00000000de000000,0x00000000de4fda90,0x00000000de500000)
  to   space 17920K, 0% used [0x00000000e7380000,0x00000000e7380000,0x00000000e8500000)
 ParOldGen       total 87552K, used 25180K [0x0000000081a00000, 0x0000000086f80000, 0x00000000d5e00000)
  object space 87552K, 28% used [0x0000000081a00000,0x0000000083297180,0x0000000086f80000)
 Metaspace       used 17370K, capacity 18212K, committed 18432K, reserved 1064960K
  class space    used 2362K, capacity 2558K, committed 2560K, reserved 1048576K
Event: 1.990 GC heap after
Heap after GC invocations=6 (full 0):
 PSYoungGen      total 282112K, used 15815K [0x00000000d5e00000, 0x00000000e8900000, 0x0000000100000000)
  eden space 264192K, 0% used [0x00000000d5e00000,0x00000000d5e00000,0x00000000e6000000)
  from space 17920K, 88% used [0x00000000e7380000,0x00000000e82f1e60,0x00000000e8500000)
  to   space 19968K, 0% used [0x00000000e6000000,0x00000000e6000000,0x00000000e7380000)
 ParOldGen       total 87552K, used 25180K [0x0000000081a00000, 0x0000000086f80000, 0x00000000d5e00000)
  object space 87552K, 28% used [0x0000000081a00000,0x0000000083297180,0x0000000086f80000)
 Metaspace       used 17370K, capacity 18212K, committed 18432K, reserved 1064960K
  class space    used 2362K, capacity 2558K, committed 2560K, reserved 1048576K
}
Event: 4.641 GC heap before
{Heap before GC invocations=7 (full 0):
 PSYoungGen      total 282112K, used 220901K [0x00000000d5e00000, 0x00000000e8900000, 0x0000000100000000)
  eden space 264192K, 77% used [0x00000000d5e00000,0x00000000e2647808,0x00000000e6000000)
  from space 17920K, 88% used [0x00000000e7380000,0x00000000e82f1e60,0x00000000e8500000)
  to   space 19968K, 0% used [0x00000000e6000000,0x00000000e6000000,0x00000000e7380000)
 ParOldGen       total 87552K, used 25180K [0x0000000081a00000, 0x0000000086f80000, 0x00000000d5e00000)
  object space 87552K, 28% used [0x0000000081a00000,0x0000000083297180,0x0000000086f80000)
 Metaspace       used 20152K, capacity 21184K, committed 21248K, reserved 1067008K
  class space    used 2795K, capacity 3044K, committed 3072K, reserved 1048576K
Event: 4.868 GC heap after
Heap after GC invocations=7 (full 0):
 PSYoungGen      total 284160K, used 19944K [0x00000000d5e00000, 0x00000000ffb00000, 0x0000000100000000)
  eden space 264192K, 0% used [0x00000000d5e00000,0x00000000d5e00000,0x00000000e6000000)
  from space 19968K, 99% used [0x00000000e6000000,0x00000000e737a160,0x00000000e7380000)
  to   space 78336K, 0% used [0x00000000fae80000,0x00000000fae80000,0x00000000ffb00000)
 ParOldGen       total 135168K, used 134919K [0x0000000081a00000, 0x0000000089e00000, 0x00000000d5e00000)
  object space 135168K, 99% used [0x0000000081a00000,0x0000000089dc1d00,0x0000000089e00000)
 Metaspace       used 20152K, capacity 21184K, committed 21248K, reserved 1067008K
  class space    used 2795K, capacity 3044K, committed 3072K, reserved 1048576K
}
Event: 4.868 GC heap before
{Heap before GC invocations=8 (full 1):
 PSYoungGen      total 284160K, used 19944K [0x00000000d5e00000, 0x00000000ffb00000, 0x0000000100000000)
  eden space 264192K, 0% used [0x00000000d5e00000,0x00000000d5e00000,0x00000000e6000000)
  from space 19968K, 99% used [0x00000000e6000000,0x00000000e737a160,0x00000000e7380000)
  to   space 78336K, 0% used [0x00000000fae80000,0x00000000fae80000,0x00000000ffb00000)
 ParOldGen       total 135168K, used 134919K [0x0000000081a00000, 0x0000000089e00000, 0x00000000d5e00000)
  object space 135168K, 99% used [0x0000000081a00000,0x0000000089dc1d00,0x0000000089e00000)
 Metaspace       used 20152K, capacity 21184K, committed 21248K, reserved 1067008K
  class space    used 2795K, capacity 3044K, committed 3072K, reserved 1048576K
Event: 5.835 GC heap after
Heap after GC invocations=8 (full 1):
 PSYoungGen      total 284160K, used 0K [0x00000000d5e00000, 0x00000000ffb00000, 0x0000000100000000)
  eden space 264192K, 0% used [0x00000000d5e00000,0x00000000d5e00000,0x00000000e6000000)
  from space 19968K, 0% used [0x00000000e6000000,0x00000000e6000000,0x00000000e7380000)
  to   space 78336K, 0% used [0x00000000fae80000,0x00000000fae80000,0x00000000ffb00000)
 ParOldGen       total 252416K, used 130597K [0x0000000081a00000, 0x0000000091080000, 0x00000000d5e00000)
  object space 252416K, 51% used [0x0000000081a00000,0x0000000089989708,0x0000000091080000)
 Metaspace       used 20152K, capacity 21184K, committed 21248K, reserved 1067008K
  class space    used 2795K, capacity 3044K, committed 3072K, reserved 1048576K
}

