# JRE version: Java(TM) SE Runtime Environment (8.0_72-b15) (build 1.8.0_72-b15)
# Java VM: Java HotSpot(TM) 64-Bit Server VM (25.72-b15 mixed mode windows-amd64 compressed oops)
Heap:
 PSYoungGen      total 48640K, used 26470K [0x00000000d5e00000, 0x00000000dac00000, 0x0000000100000000)
  eden space 43520K, 49% used [0x00000000d5e00000,0x00000000d72d9c70,0x00000000d8880000)
  from space 5120K, 99% used [0x00000000d8880000,0x00000000d8d7fba8,0x00000000d8d80000)
  to   space 13312K, 0% used [0x00000000d9f00000,0x00000000d9f00000,0x00000000dac00000)
 ParOldGen       total 68608K, used 21151K [0x0000000081a00000, 0x0000000085d00000, 0x00000000d5e00000)
  object space 68608K, 30% used [0x0000000081a00000,0x0000000082ea7c10,0x0000000085d00000)
 Metaspace       used 25298K, capacity 26796K, committed 27136K, reserved 1073152K
  class space    used 3449K, capacity 3739K, committed 3840K, reserved 1048576K
GC Heap History (10 events):
Event: 4.114 GC heap before
{Heap before GC invocations=2 (full 0):
 PSYoungGen      total 38400K, used 24590K [0x00000000d5e00000, 0x00000000d8880000, 0x0000000100000000)
  eden space 33280K, 58% used [0x00000000d5e00000,0x00000000d7104e98,0x00000000d7e80000)
  from space 5120K, 99% used [0x00000000d7e80000,0x00000000d837ea40,0x00000000d8380000)
  to   space 5120K, 0% used [0x00000000d8380000,0x00000000d8380000,0x00000000d8880000)
 ParOldGen       total 87552K, used 306K [0x0000000081a00000, 0x0000000086f80000, 0x00000000d5e00000)
  object space 87552K, 0% used [0x0000000081a00000,0x0000000081a4c918,0x0000000086f80000)
 Metaspace       used 20194K, capacity 21230K, committed 21248K, reserved 1067008K
  class space    used 2830K, capacity 3072K, committed 3072K, reserved 1048576K
Event: 4.125 GC heap after
Heap after GC invocations=2 (full 0):
 PSYoungGen      total 38400K, used 5106K [0x00000000d5e00000, 0x00000000d8880000, 0x0000000100000000)
  eden space 33280K, 0% used [0x00000000d5e00000,0x00000000d5e00000,0x00000000d7e80000)
  from space 5120K, 99% used [0x00000000d8380000,0x00000000d887cb88,0x00000000d8880000)
  to   space 5120K, 0% used [0x00000000d7e80000,0x00000000d7e80000,0x00000000d8380000)
 ParOldGen       total 87552K, used 3184K [0x0000000081a00000, 0x0000000086f80000, 0x00000000d5e00000)
  object space 87552K, 3% used [0x0000000081a00000,0x0000000081d1c3c0,0x0000000086f80000)
 Metaspace       used 20194K, capacity 21230K, committed 21248K, reserved 1067008K
  class space    used 2830K, capacity 3072K, committed 3072K, reserved 1048576K
}
Event: 4.125 GC heap before
{Heap before GC invocations=3 (full 1):
 PSYoungGen      total 38400K, used 5106K [0x00000000d5e00000, 0x00000000d8880000, 0x0000000100000000)
  eden space 33280K, 0% used [0x00000000d5e00000,0x00000000d5e00000,0x00000000d7e80000)
  from space 5120K, 99% used [0x00000000d8380000,0x00000000d887cb88,0x00000000d8880000)
  to   space 5120K, 0% used [0x00000000d7e80000,0x00000000d7e80000,0x00000000d8380000)
 ParOldGen       total 87552K, used 3184K [0x0000000081a00000, 0x0000000086f80000, 0x00000000d5e00000)
  object space 87552K, 3% used [0x0000000081a00000,0x0000000081d1c3c0,0x0000000086f80000)
 Metaspace       used 20194K, capacity 21230K, committed 21248K, reserved 1067008K
  class space    used 2830K, capacity 3072K, committed 3072K, reserved 1048576K
Event: 4.176 GC heap after
Heap after GC invocations=3 (full 1):
 PSYoungGen      total 38400K, used 0K [0x00000000d5e00000, 0x00000000d8880000, 0x0000000100000000)
  eden space 33280K, 0% used [0x00000000d5e00000,0x00000000d5e00000,0x00000000d7e80000)
  from space 5120K, 0% used [0x00000000d8380000,0x00000000d8380000,0x00000000d8880000)
  to   space 5120K, 0% used [0x00000000d7e80000,0x00000000d7e80000,0x00000000d8380000)
 ParOldGen       total 68608K, used 7819K [0x0000000081a00000, 0x0000000085d00000, 0x00000000d5e00000)
  object space 68608K, 11% used [0x0000000081a00000,0x00000000821a2ed0,0x0000000085d00000)
 Metaspace       used 20194K, capacity 21230K, committed 21248K, reserved 1067008K
  class space    used 2830K, capacity 3072K, committed 3072K, reserved 1048576K
}
Event: 7.988 GC heap before
{Heap before GC invocations=4 (full 1):
 PSYoungGen      total 38400K, used 33280K [0x00000000d5e00000, 0x00000000d8880000, 0x0000000100000000)
  eden space 33280K, 100% used [0x00000000d5e00000,0x00000000d7e80000,0x00000000d7e80000)
  from space 5120K, 0% used [0x00000000d8380000,0x00000000d8380000,0x00000000d8880000)
  to   space 5120K, 0% used [0x00000000d7e80000,0x00000000d7e80000,0x00000000d8380000)
 ParOldGen       total 68608K, used 7819K [0x0000000081a00000, 0x0000000085d00000, 0x00000000d5e00000)
  object space 68608K, 11% used [0x0000000081a00000,0x00000000821a2ed0,0x0000000085d00000)
 Metaspace       used 24000K, capacity 25400K, committed 25728K, reserved 1071104K
  class space    used 3359K, capacity 3633K, committed 3712K, reserved 1048576K
Event: 8.009 GC heap after
Heap after GC invocations=4 (full 1):
 PSYoungGen      total 38400K, used 5113K [0x00000000d5e00000, 0x00000000d9280000, 0x0000000100000000)
  eden space 33280K, 0% used [0x00000000d5e00000,0x00000000d5e00000,0x00000000d7e80000)
  from space 5120K, 99% used [0x00000000d7e80000,0x00000000d837e438,0x00000000d8380000)
  to   space 5120K, 0% used [0x00000000d8d80000,0x00000000d8d80000,0x00000000d9280000)
 ParOldGen       total 68608K, used 10242K [0x0000000081a00000, 0x0000000085d00000, 0x00000000d5e00000)
  object space 68608K, 14% used [0x0000000081a00000,0x0000000082400be0,0x0000000085d00000)
 Metaspace       used 24000K, capacity 25400K, committed 25728K, reserved 1071104K
  class space    used 3359K, capacity 3633K, committed 3712K, reserved 1048576K
}
Event: 14.830 GC heap before
{Heap before GC invocations=5 (full 1):
 PSYoungGen      total 38400K, used 38393K [0x00000000d5e00000, 0x00000000d9280000, 0x0000000100000000)
  eden space 33280K, 100% used [0x00000000d5e00000,0x00000000d7e80000,0x00000000d7e80000)
  from space 5120K, 99% used [0x00000000d7e80000,0x00000000d837e438,0x00000000d8380000)
  to   space 5120K, 0% used [0x00000000d8d80000,0x00000000d8d80000,0x00000000d9280000)
 ParOldGen       total 68608K, used 10242K [0x0000000081a00000, 0x0000000085d00000, 0x00000000d5e00000)
  object space 68608K, 14% used [0x0000000081a00000,0x0000000082400be0,0x0000000085d00000)
 Metaspace       used 24351K, capacity 25744K, committed 25984K, reserved 1071104K
  class space    used 3369K, capacity 3635K, committed 3712K, reserved 1048576K
Event: 14.842 GC heap after
Heap after GC invocations=5 (full 1):
 PSYoungGen      total 47104K, used 5114K [0x00000000d5e00000, 0x00000000d9280000, 0x0000000100000000)
  eden space 41984K, 0% used [0x00000000d5e00000,0x00000000d5e00000,0x00000000d8700000)
  from space 5120K, 99% used [0x00000000d8d80000,0x00000000d927ea78,0x00000000d9280000)
  to   space 5120K, 0% used [0x00000000d8880000,0x00000000d8880000,0x00000000d8d80000)
 ParOldGen       total 68608K, used 12663K [0x0000000081a00000, 0x0000000085d00000, 0x00000000d5e00000)
  object space 68608K, 18% used [0x0000000081a00000,0x000000008265dfa0,0x0000000085d00000)
 Metaspace       used 24351K, capacity 25744K, committed 25984K, reserved 1071104K
  class space    used 3369K, capacity 3635K, committed 3712K, reserved 1048576K
}
Event: 17.961 GC heap before
{Heap before GC invocations=6 (full 1):
 PSYoungGen      total 47104K, used 47098K [0x00000000d5e00000, 0x00000000d9280000, 0x0000000100000000)
  eden space 41984K, 100% used [0x00000000d5e00000,0x00000000d8700000,0x00000000d8700000)
  from space 5120K, 99% used [0x00000000d8d80000,0x00000000d927ea78,0x00000000d9280000)
  to   space 5120K, 0% used [0x00000000d8880000,0x00000000d8880000,0x00000000d8d80000)
 ParOldGen       total 68608K, used 12668K [0x0000000081a00000, 0x0000000085d00000, 0x00000000d5e00000)
  object space 68608K, 18% used [0x0000000081a00000,0x000000008265f390,0x0000000085d00000)
 Metaspace       used 24709K, capacity 26090K, committed 26240K, reserved 1071104K
  class space    used 3376K, capacity 3640K, committed 3712K, reserved 1048576K
Event: 17.975 GC heap after
Heap after GC invocations=6 (full 1):
 PSYoungGen      total 48640K, used 5118K [0x00000000d5e00000, 0x00000000dac00000, 0x0000000100000000)
  eden space 43520K, 0% used [0x00000000d5e00000,0x00000000d5e00000,0x00000000d8880000)
  from space 5120K, 99% used [0x00000000d8880000,0x00000000d8d7fba8,0x00000000d8d80000)
  to   space 13312K, 0% used [0x00000000d9f00000,0x00000000d9f00000,0x00000000dac00000)
 ParOldGen       total 68608K, used 21151K [0x0000000081a00000, 0x0000000085d00000, 0x00000000d5e00000)
  object space 68608K, 30% used [0x0000000081a00000,0x0000000082ea7c10,0x0000000085d00000)
 Metaspace       used 24709K, capacity 26090K, committed 26240K, reserved 1071104K
  class space    used 3376K, capacity 3640K, committed 3712K, reserved 1048576K
}

