# JRE version: Java(TM) SE Runtime Environment (8.0_72-b15) (build 1.8.0_72-b15)
# Java VM: Java HotSpot(TM) 64-Bit Server VM (25.72-b15 mixed mode windows-amd64 compressed oops)
Heap:
 PSYoungGen      total 46592K, used 34391K [0x00000000d5e00000, 0x00000000da980000, 0x0000000100000000)
  eden space 41472K, 70% used [0x00000000d5e00000,0x00000000d7a98b50,0x00000000d8680000)
  from space 5120K, 99% used [0x00000000d8680000,0x00000000d8b7d250,0x00000000d8b80000)
  to   space 13312K, 0% used [0x00000000d9c80000,0x00000000d9c80000,0x00000000da980000)
 ParOldGen       total 69632K, used 21948K [0x0000000081a00000, 0x0000000085e00000, 0x00000000d5e00000)
  object space 69632K, 31% used [0x0000000081a00000,0x0000000082f6f380,0x0000000085e00000)
 Metaspace       used 25563K, capacity 27080K, committed 27440K, reserved 1073152K
  class space    used 3449K, capacity 3769K, committed 3888K, reserved 1048576K
GC Heap History (10 events):
Event: 5.775 GC heap before
{Heap before GC invocations=2 (full 0):
 PSYoungGen      total 38400K, used 25708K [0x00000000d5e00000, 0x00000000d8880000, 0x0000000100000000)
  eden space 33280K, 61% used [0x00000000d5e00000,0x00000000d721d878,0x00000000d7e80000)
  from space 5120K, 99% used [0x00000000d7e80000,0x00000000d837d990,0x00000000d8380000)
  to   space 5120K, 0% used [0x00000000d8380000,0x00000000d8380000,0x00000000d8880000)
 ParOldGen       total 87552K, used 267K [0x0000000081a00000, 0x0000000086f80000, 0x00000000d5e00000)
  object space 87552K, 0% used [0x0000000081a00000,0x0000000081a42dd0,0x0000000086f80000)
 Metaspace       used 20211K, capacity 21240K, committed 21296K, reserved 1067008K
  class space    used 2832K, capacity 3073K, committed 3120K, reserved 1048576K
Event: 5.793 GC heap after
Heap after GC invocations=2 (full 0):
 PSYoungGen      total 38400K, used 5106K [0x00000000d5e00000, 0x00000000d8880000, 0x0000000100000000)
  eden space 33280K, 0% used [0x00000000d5e00000,0x00000000d5e00000,0x00000000d7e80000)
  from space 5120K, 99% used [0x00000000d8380000,0x00000000d887c9a8,0x00000000d8880000)
  to   space 5120K, 0% used [0x00000000d7e80000,0x00000000d7e80000,0x00000000d8380000)
 ParOldGen       total 87552K, used 3163K [0x0000000081a00000, 0x0000000086f80000, 0x00000000d5e00000)
  object space 87552K, 3% used [0x0000000081a00000,0x0000000081d16f38,0x0000000086f80000)
 Metaspace       used 20211K, capacity 21240K, committed 21296K, reserved 1067008K
  class space    used 2832K, capacity 3073K, committed 3120K, reserved 1048576K
}
Event: 5.793 GC heap before
{Heap before GC invocations=3 (full 1):
 PSYoungGen      total 38400K, used 5106K [0x00000000d5e00000, 0x00000000d8880000, 0x0000000100000000)
  eden space 33280K, 0% used [0x00000000d5e00000,0x00000000d5e00000,0x00000000d7e80000)
  from space 5120K, 99% used [0x00000000d8380000,0x00000000d887c9a8,0x00000000d8880000)
  to   space 5120K, 0% used [0x00000000d7e80000,0x00000000d7e80000,0x00000000d8380000)
 ParOldGen       total 87552K, used 3163K [0x0000000081a00000, 0x0000000086f80000, 0x00000000d5e00000)
  object space 87552K, 3% used [0x0000000081a00000,0x0000000081d16f38,0x0000000086f80000)
 Metaspace       used 20211K, capacity 21240K, committed 21296K, reserved 1067008K
  class space    used 2832K, capacity 3073K, committed 3120K, reserved 1048576K
Event: 5.874 GC heap after
Heap after GC invocations=3 (full 1):
 PSYoungGen      total 38400K, used 0K [0x00000000d5e00000, 0x00000000d8880000, 0x0000000100000000)
  eden space 33280K, 0% used [0x00000000d5e00000,0x00000000d5e00000,0x00000000d7e80000)
  from space 5120K, 0% used [0x00000000d8380000,0x00000000d8380000,0x00000000d8880000)
  to   space 5120K, 0% used [0x00000000d7e80000,0x00000000d7e80000,0x00000000d8380000)
 ParOldGen       total 69632K, used 7874K [0x0000000081a00000, 0x0000000085e00000, 0x00000000d5e00000)
  object space 69632K, 11% used [0x0000000081a00000,0x00000000821b0908,0x0000000085e00000)
 Metaspace       used 20211K, capacity 21240K, committed 21296K, reserved 1067008K
  class space    used 2832K, capacity 3073K, committed 3120K, reserved 1048576K
}
Event: 11.126 GC heap before
{Heap before GC invocations=4 (full 1):
 PSYoungGen      total 38400K, used 33169K [0x00000000d5e00000, 0x00000000d8880000, 0x0000000100000000)
  eden space 33280K, 99% used [0x00000000d5e00000,0x00000000d7e64758,0x00000000d7e80000)
  from space 5120K, 0% used [0x00000000d8380000,0x00000000d8380000,0x00000000d8880000)
  to   space 5120K, 0% used [0x00000000d7e80000,0x00000000d7e80000,0x00000000d8380000)
 ParOldGen       total 69632K, used 7874K [0x0000000081a00000, 0x0000000085e00000, 0x00000000d5e00000)
  object space 69632K, 11% used [0x0000000081a00000,0x00000000821b0908,0x0000000085e00000)
 Metaspace       used 23959K, capacity 25332K, committed 25392K, reserved 1071104K
  class space    used 3359K, capacity 3631K, committed 3632K, reserved 1048576K
Event: 11.140 GC heap after
Heap after GC invocations=4 (full 1):
 PSYoungGen      total 38400K, used 5103K [0x00000000d5e00000, 0x00000000d9080000, 0x0000000100000000)
  eden space 33280K, 0% used [0x00000000d5e00000,0x00000000d5e00000,0x00000000d7e80000)
  from space 5120K, 99% used [0x00000000d7e80000,0x00000000d837bc40,0x00000000d8380000)
  to   space 5120K, 0% used [0x00000000d8b80000,0x00000000d8b80000,0x00000000d9080000)
 ParOldGen       total 69632K, used 10208K [0x0000000081a00000, 0x0000000085e00000, 0x00000000d5e00000)
  object space 69632K, 14% used [0x0000000081a00000,0x00000000823f8228,0x0000000085e00000)
 Metaspace       used 23959K, capacity 25332K, committed 25392K, reserved 1071104K
  class space    used 3359K, capacity 3631K, committed 3632K, reserved 1048576K
}
Event: 19.469 GC heap before
{Heap before GC invocations=5 (full 1):
 PSYoungGen      total 38400K, used 38383K [0x00000000d5e00000, 0x00000000d9080000, 0x0000000100000000)
  eden space 33280K, 100% used [0x00000000d5e00000,0x00000000d7e80000,0x00000000d7e80000)
  from space 5120K, 99% used [0x00000000d7e80000,0x00000000d837bc40,0x00000000d8380000)
  to   space 5120K, 0% used [0x00000000d8b80000,0x00000000d8b80000,0x00000000d9080000)
 ParOldGen       total 69632K, used 10208K [0x0000000081a00000, 0x0000000085e00000, 0x00000000d5e00000)
  object space 69632K, 14% used [0x0000000081a00000,0x00000000823f8248,0x0000000085e00000)
 Metaspace       used 24507K, capacity 25868K, committed 26032K, reserved 1071104K
  class space    used 3372K, capacity 3635K, committed 3760K, reserved 1048576K
Event: 19.481 GC heap after
Heap after GC invocations=5 (full 1):
 PSYoungGen      total 45568K, used 5108K [0x00000000d5e00000, 0x00000000d9080000, 0x0000000100000000)
  eden space 40448K, 0% used [0x00000000d5e00000,0x00000000d5e00000,0x00000000d8580000)
  from space 5120K, 99% used [0x00000000d8b80000,0x00000000d907d328,0x00000000d9080000)
  to   space 5120K, 0% used [0x00000000d8680000,0x00000000d8680000,0x00000000d8b80000)
 ParOldGen       total 69632K, used 14967K [0x0000000081a00000, 0x0000000085e00000, 0x00000000d5e00000)
  object space 69632K, 21% used [0x0000000081a00000,0x000000008289dde8,0x0000000085e00000)
 Metaspace       used 24507K, capacity 25868K, committed 26032K, reserved 1071104K
  class space    used 3372K, capacity 3635K, committed 3760K, reserved 1048576K
}
Event: 22.592 GC heap before
{Heap before GC invocations=6 (full 1):
 PSYoungGen      total 45568K, used 45556K [0x00000000d5e00000, 0x00000000d9080000, 0x0000000100000000)
  eden space 40448K, 100% used [0x00000000d5e00000,0x00000000d8580000,0x00000000d8580000)
  from space 5120K, 99% used [0x00000000d8b80000,0x00000000d907d328,0x00000000d9080000)
  to   space 5120K, 0% used [0x00000000d8680000,0x00000000d8680000,0x00000000d8b80000)
 ParOldGen       total 69632K, used 14969K [0x0000000081a00000, 0x0000000085e00000, 0x00000000d5e00000)
  object space 69632K, 21% used [0x0000000081a00000,0x000000008289e770,0x0000000085e00000)
 Metaspace       used 24869K, capacity 26272K, committed 26544K, reserved 1073152K
  class space    used 3384K, capacity 3649K, committed 3760K, reserved 1048576K
Event: 22.617 GC heap after
Heap after GC invocations=6 (full 1):
 PSYoungGen      total 46592K, used 5108K [0x00000000d5e00000, 0x00000000da980000, 0x0000000100000000)
  eden space 41472K, 0% used [0x00000000d5e00000,0x00000000d5e00000,0x00000000d8680000)
  from space 5120K, 99% used [0x00000000d8680000,0x00000000d8b7d250,0x00000000d8b80000)
  to   space 13312K, 0% used [0x00000000d9c80000,0x00000000d9c80000,0x00000000da980000)
 ParOldGen       total 69632K, used 21948K [0x0000000081a00000, 0x0000000085e00000, 0x00000000d5e00000)
  object space 69632K, 31% used [0x0000000081a00000,0x0000000082f6f380,0x0000000085e00000)
 Metaspace       used 24869K, capacity 26272K, committed 26544K, reserved 1073152K
  class space    used 3384K, capacity 3649K, committed 3760K, reserved 1048576K
}

