# JRE version: Java(TM) SE Runtime Environment (8.0_72-b15) (build 1.8.0_72-b15)
# Java VM: Java HotSpot(TM) 64-Bit Server VM (25.72-b15 mixed mode windows-amd64 compressed oops)
Heap:
 PSYoungGen      total 38400K, used 24014K [0x00000000d5e00000, 0x00000000d8e00000, 0x0000000100000000)
  eden space 33280K, 56% used [0x00000000d5e00000,0x00000000d70787e0,0x00000000d7e80000)
  from space 5120K, 99% used [0x00000000d7e80000,0x00000000d837b358,0x00000000d8380000)
  to   space 5120K, 0% used [0x00000000d8900000,0x00000000d8900000,0x00000000d8e00000)
 ParOldGen       total 72192K, used 9958K [0x0000000081a00000, 0x0000000086080000, 0x00000000d5e00000)
  object space 72192K, 13% used [0x0000000081a00000,0x00000000823b9a00,0x0000000086080000)
 Metaspace       used 24056K, capacity 25434K, committed 25728K, reserved 1071104K
  class space    used 3370K, capacity 3661K, committed 3712K, reserved 1048576K
GC Heap History (8 events):
Event: 1.856 GC heap before
{Heap before GC invocations=1 (full 0):
 PSYoungGen      total 38400K, used 33280K [0x00000000d5e00000, 0x00000000d8880000, 0x0000000100000000)
  eden space 33280K, 100% used [0x00000000d5e00000,0x00000000d7e80000,0x00000000d7e80000)
  from space 5120K, 0% used [0x00000000d8380000,0x00000000d8380000,0x00000000d8880000)
  to   space 5120K, 0% used [0x00000000d7e80000,0x00000000d7e80000,0x00000000d8380000)
 ParOldGen       total 87552K, used 0K [0x0000000081a00000, 0x0000000086f80000, 0x00000000d5e00000)
  object space 87552K, 0% used [0x0000000081a00000,0x0000000081a00000,0x0000000086f80000)
 Metaspace       used 14469K, capacity 15068K, committed 15232K, reserved 1062912K
  class space    used 1953K, capacity 2098K, committed 2176K, reserved 1048576K
Event: 1.863 GC heap after
Heap after GC invocations=1 (full 0):
 PSYoungGen      total 38400K, used 5092K [0x00000000d5e00000, 0x00000000d8880000, 0x0000000100000000)
  eden space 33280K, 0% used [0x00000000d5e00000,0x00000000d5e00000,0x00000000d7e80000)
  from space 5120K, 99% used [0x00000000d7e80000,0x00000000d83792b8,0x00000000d8380000)
  to   space 5120K, 0% used [0x00000000d8380000,0x00000000d8380000,0x00000000d8880000)
 ParOldGen       total 87552K, used 405K [0x0000000081a00000, 0x0000000086f80000, 0x00000000d5e00000)
  object space 87552K, 0% used [0x0000000081a00000,0x0000000081a65720,0x0000000086f80000)
 Metaspace       used 14469K, capacity 15068K, committed 15232K, reserved 1062912K
  class space    used 1953K, capacity 2098K, committed 2176K, reserved 1048576K
}
Event: 3.990 GC heap before
{Heap before GC invocations=2 (full 0):
 PSYoungGen      total 38400K, used 28621K [0x00000000d5e00000, 0x00000000d8880000, 0x0000000100000000)
  eden space 33280K, 70% used [0x00000000d5e00000,0x00000000d74fa318,0x00000000d7e80000)
  from space 5120K, 99% used [0x00000000d7e80000,0x00000000d83792b8,0x00000000d8380000)
  to   space 5120K, 0% used [0x00000000d8380000,0x00000000d8380000,0x00000000d8880000)
 ParOldGen       total 87552K, used 405K [0x0000000081a00000, 0x0000000086f80000, 0x00000000d5e00000)
  object space 87552K, 0% used [0x0000000081a00000,0x0000000081a65720,0x0000000086f80000)
 Metaspace       used 20173K, capacity 21218K, committed 21248K, reserved 1067008K
  class space    used 2824K, capacity 3045K, committed 3072K, reserved 1048576K
Event: 4.011 GC heap after
Heap after GC invocations=2 (full 0):
 PSYoungGen      total 38400K, used 5102K [0x00000000d5e00000, 0x00000000d8880000, 0x0000000100000000)
  eden space 33280K, 0% used [0x00000000d5e00000,0x00000000d5e00000,0x00000000d7e80000)
  from space 5120K, 99% used [0x00000000d8380000,0x00000000d887b858,0x00000000d8880000)
  to   space 5120K, 0% used [0x00000000d7e80000,0x00000000d7e80000,0x00000000d8380000)
 ParOldGen       total 87552K, used 3611K [0x0000000081a00000, 0x0000000086f80000, 0x00000000d5e00000)
  object space 87552K, 4% used [0x0000000081a00000,0x0000000081d86f68,0x0000000086f80000)
 Metaspace       used 20173K, capacity 21218K, committed 21248K, reserved 1067008K
  class space    used 2824K, capacity 3045K, committed 3072K, reserved 1048576K
}
Event: 4.011 GC heap before
{Heap before GC invocations=3 (full 1):
 PSYoungGen      total 38400K, used 5102K [0x00000000d5e00000, 0x00000000d8880000, 0x0000000100000000)
  eden space 33280K, 0% used [0x00000000d5e00000,0x00000000d5e00000,0x00000000d7e80000)
  from space 5120K, 99% used [0x00000000d8380000,0x00000000d887b858,0x00000000d8880000)
  to   space 5120K, 0% used [0x00000000d7e80000,0x00000000d7e80000,0x00000000d8380000)
 ParOldGen       total 87552K, used 3611K [0x0000000081a00000, 0x0000000086f80000, 0x00000000d5e00000)
  object space 87552K, 4% used [0x0000000081a00000,0x0000000081d86f68,0x0000000086f80000)
 Metaspace       used 20173K, capacity 21218K, committed 21248K, reserved 1067008K
  class space    used 2824K, capacity 3045K, committed 3072K, reserved 1048576K
Event: 4.120 GC heap after
Heap after GC invocations=3 (full 1):
 PSYoungGen      total 38400K, used 0K [0x00000000d5e00000, 0x00000000d8880000, 0x0000000100000000)
  eden space 33280K, 0% used [0x00000000d5e00000,0x00000000d5e00000,0x00000000d7e80000)
  from space 5120K, 0% used [0x00000000d8380000,0x00000000d8380000,0x00000000d8880000)
  to   space 5120K, 0% used [0x00000000d7e80000,0x00000000d7e80000,0x00000000d8380000)
 ParOldGen       total 72192K, used 8132K [0x0000000081a00000, 0x0000000086080000, 0x00000000d5e00000)
  object space 72192K, 11% used [0x0000000081a00000,0x00000000821f11d8,0x0000000086080000)
 Metaspace       used 20173K, capacity 21218K, committed 21248K, reserved 1067008K
  class space    used 2824K, capacity 3045K, committed 3072K, reserved 1048576K
}
Event: 11.963 GC heap before
{Heap before GC invocations=4 (full 1):
 PSYoungGen      total 38400K, used 33280K [0x00000000d5e00000, 0x00000000d8880000, 0x0000000100000000)
  eden space 33280K, 100% used [0x00000000d5e00000,0x00000000d7e80000,0x00000000d7e80000)
  from space 5120K, 0% used [0x00000000d8380000,0x00000000d8380000,0x00000000d8880000)
  to   space 5120K, 0% used [0x00000000d7e80000,0x00000000d7e80000,0x00000000d8380000)
 ParOldGen       total 72192K, used 8132K [0x0000000081a00000, 0x0000000086080000, 0x00000000d5e00000)
  object space 72192K, 11% used [0x0000000081a00000,0x00000000821f11d8,0x0000000086080000)
 Metaspace       used 23842K, capacity 25198K, committed 25472K, reserved 1071104K
  class space    used 3364K, capacity 3629K, committed 3712K, reserved 1048576K
Event: 11.985 GC heap after
Heap after GC invocations=4 (full 1):
 PSYoungGen      total 38400K, used 5100K [0x00000000d5e00000, 0x00000000d8e00000, 0x0000000100000000)
  eden space 33280K, 0% used [0x00000000d5e00000,0x00000000d5e00000,0x00000000d7e80000)
  from space 5120K, 99% used [0x00000000d7e80000,0x00000000d837b358,0x00000000d8380000)
  to   space 5120K, 0% used [0x00000000d8900000,0x00000000d8900000,0x00000000d8e00000)
 ParOldGen       total 72192K, used 9958K [0x0000000081a00000, 0x0000000086080000, 0x00000000d5e00000)
  object space 72192K, 13% used [0x0000000081a00000,0x00000000823b9a00,0x0000000086080000)
 Metaspace       used 23842K, capacity 25198K, committed 25472K, reserved 1071104K
  class space    used 3364K, capacity 3629K, committed 3712K, reserved 1048576K
}

