# JRE version: Java(TM) SE Runtime Environment (8.0_92-b14) (build 1.8.0_92-b14)
# Java VM: Java HotSpot(TM) 64-Bit Server VM (25.92-b14 mixed mode windows-amd64 compressed oops)
Heap:
 PSYoungGen      total 46592K, used 9667K [0x00000000d5e00000, 0x00000000d9200000, 0x0000000100000000)
  eden space 41472K, 10% used [0x00000000d5e00000,0x00000000d62729f0,0x00000000d8680000)
  from space 5120K, 99% used [0x00000000d8d00000,0x00000000d91fe230,0x00000000d9200000)
  to   space 5120K, 0% used [0x00000000d8800000,0x00000000d8800000,0x00000000d8d00000)
 ParOldGen       total 67072K, used 14093K [0x0000000081a00000, 0x0000000085b80000, 0x00000000d5e00000)
  object space 67072K, 21% used [0x0000000081a00000,0x00000000827c3708,0x0000000085b80000)
 Metaspace       used 25864K, capacity 27506K, committed 27776K, reserved 1073152K
  class space    used 3593K, capacity 3899K, committed 3968K, reserved 1048576K
GC Heap History (10 events):
Event: 1.691 GC heap before
{Heap before GC invocations=1 (full 0):
 PSYoungGen      total 38400K, used 33280K [0x00000000d5e00000, 0x00000000d8880000, 0x0000000100000000)
  eden space 33280K, 100% used [0x00000000d5e00000,0x00000000d7e80000,0x00000000d7e80000)
  from space 5120K, 0% used [0x00000000d8380000,0x00000000d8380000,0x00000000d8880000)
  to   space 5120K, 0% used [0x00000000d7e80000,0x00000000d7e80000,0x00000000d8380000)
 ParOldGen       total 87552K, used 0K [0x0000000081a00000, 0x0000000086f80000, 0x00000000d5e00000)
  object space 87552K, 0% used [0x0000000081a00000,0x0000000081a00000,0x0000000086f80000)
 Metaspace       used 14078K, capacity 14548K, committed 14848K, reserved 1062912K
  class space    used 1807K, capacity 1964K, committed 2048K, reserved 1048576K
Event: 1.701 GC heap after
Heap after GC invocations=1 (full 0):
 PSYoungGen      total 38400K, used 5092K [0x00000000d5e00000, 0x00000000d8880000, 0x0000000100000000)
  eden space 33280K, 0% used [0x00000000d5e00000,0x00000000d5e00000,0x00000000d7e80000)
  from space 5120K, 99% used [0x00000000d7e80000,0x00000000d83790c0,0x00000000d8380000)
  to   space 5120K, 0% used [0x00000000d8380000,0x00000000d8380000,0x00000000d8880000)
 ParOldGen       total 87552K, used 1743K [0x0000000081a00000, 0x0000000086f80000, 0x00000000d5e00000)
  object space 87552K, 1% used [0x0000000081a00000,0x0000000081bb3d68,0x0000000086f80000)
 Metaspace       used 14078K, capacity 14548K, committed 14848K, reserved 1062912K
  class space    used 1807K, capacity 1964K, committed 2048K, reserved 1048576K
}
Event: 3.305 GC heap before
{Heap before GC invocations=2 (full 0):
 PSYoungGen      total 38400K, used 34024K [0x00000000d5e00000, 0x00000000d8880000, 0x0000000100000000)
  eden space 33280K, 86% used [0x00000000d5e00000,0x00000000d7a40fe8,0x00000000d7e80000)
  from space 5120K, 99% used [0x00000000d7e80000,0x00000000d83790c0,0x00000000d8380000)
  to   space 5120K, 0% used [0x00000000d8380000,0x00000000d8380000,0x00000000d8880000)
 ParOldGen       total 87552K, used 1743K [0x0000000081a00000, 0x0000000086f80000, 0x00000000d5e00000)
  object space 87552K, 1% used [0x0000000081a00000,0x0000000081bb3d68,0x0000000086f80000)
 Metaspace       used 20194K, capacity 21146K, committed 21248K, reserved 1067008K
  class space    used 2795K, capacity 3005K, committed 3072K, reserved 1048576K
Event: 3.316 GC heap after
Heap after GC invocations=2 (full 0):
 PSYoungGen      total 38400K, used 5117K [0x00000000d5e00000, 0x00000000d8880000, 0x0000000100000000)
  eden space 33280K, 0% used [0x00000000d5e00000,0x00000000d5e00000,0x00000000d7e80000)
  from space 5120K, 99% used [0x00000000d8380000,0x00000000d887f558,0x00000000d8880000)
  to   space 5120K, 0% used [0x00000000d7e80000,0x00000000d7e80000,0x00000000d8380000)
 ParOldGen       total 87552K, used 4189K [0x0000000081a00000, 0x0000000086f80000, 0x00000000d5e00000)
  object space 87552K, 4% used [0x0000000081a00000,0x0000000081e176f8,0x0000000086f80000)
 Metaspace       used 20194K, capacity 21146K, committed 21248K, reserved 1067008K
  class space    used 2795K, capacity 3005K, committed 3072K, reserved 1048576K
}
Event: 3.316 GC heap before
{Heap before GC invocations=3 (full 1):
 PSYoungGen      total 38400K, used 5117K [0x00000000d5e00000, 0x00000000d8880000, 0x0000000100000000)
  eden space 33280K, 0% used [0x00000000d5e00000,0x00000000d5e00000,0x00000000d7e80000)
  from space 5120K, 99% used [0x00000000d8380000,0x00000000d887f558,0x00000000d8880000)
  to   space 5120K, 0% used [0x00000000d7e80000,0x00000000d7e80000,0x00000000d8380000)
 ParOldGen       total 87552K, used 4189K [0x0000000081a00000, 0x0000000086f80000, 0x00000000d5e00000)
  object space 87552K, 4% used [0x0000000081a00000,0x0000000081e176f8,0x0000000086f80000)
 Metaspace       used 20194K, capacity 21146K, committed 21248K, reserved 1067008K
  class space    used 2795K, capacity 3005K, committed 3072K, reserved 1048576K
Event: 3.360 GC heap after
Heap after GC invocations=3 (full 1):
 PSYoungGen      total 38400K, used 0K [0x00000000d5e00000, 0x00000000d8880000, 0x0000000100000000)
  eden space 33280K, 0% used [0x00000000d5e00000,0x00000000d5e00000,0x00000000d7e80000)
  from space 5120K, 0% used [0x00000000d8380000,0x00000000d8380000,0x00000000d8880000)
  to   space 5120K, 0% used [0x00000000d7e80000,0x00000000d7e80000,0x00000000d8380000)
 ParOldGen       total 67072K, used 8611K [0x0000000081a00000, 0x0000000085b80000, 0x00000000d5e00000)
  object space 67072K, 12% used [0x0000000081a00000,0x0000000082268f78,0x0000000085b80000)
 Metaspace       used 20194K, capacity 21146K, committed 21248K, reserved 1067008K
  class space    used 2795K, capacity 3005K, committed 3072K, reserved 1048576K
}
Event: 5.490 GC heap before
{Heap before GC invocations=4 (full 1):
 PSYoungGen      total 38400K, used 32702K [0x00000000d5e00000, 0x00000000d8880000, 0x0000000100000000)
  eden space 33280K, 98% used [0x00000000d5e00000,0x00000000d7def938,0x00000000d7e80000)
  from space 5120K, 0% used [0x00000000d8380000,0x00000000d8380000,0x00000000d8880000)
  to   space 5120K, 0% used [0x00000000d7e80000,0x00000000d7e80000,0x00000000d8380000)
 ParOldGen       total 67072K, used 8611K [0x0000000081a00000, 0x0000000085b80000, 0x00000000d5e00000)
  object space 67072K, 12% used [0x0000000081a00000,0x0000000082268f78,0x0000000085b80000)
 Metaspace       used 23992K, capacity 25344K, committed 25472K, reserved 1071104K
  class space    used 3393K, capacity 3670K, committed 3712K, reserved 1048576K
Event: 5.496 GC heap after
Heap after GC invocations=4 (full 1):
 PSYoungGen      total 38400K, used 5109K [0x00000000d5e00000, 0x00000000d9200000, 0x0000000100000000)
  eden space 33280K, 0% used [0x00000000d5e00000,0x00000000d5e00000,0x00000000d7e80000)
  from space 5120K, 99% used [0x00000000d7e80000,0x00000000d837d588,0x00000000d8380000)
  to   space 5120K, 0% used [0x00000000d8d00000,0x00000000d8d00000,0x00000000d9200000)
 ParOldGen       total 67072K, used 10387K [0x0000000081a00000, 0x0000000085b80000, 0x00000000d5e00000)
  object space 67072K, 15% used [0x0000000081a00000,0x0000000082424d48,0x0000000085b80000)
 Metaspace       used 23992K, capacity 25344K, committed 25472K, reserved 1071104K
  class space    used 3393K, capacity 3670K, committed 3712K, reserved 1048576K
}
Event: 17.968 GC heap before
{Heap before GC invocations=5 (full 1):
 PSYoungGen      total 38400K, used 38389K [0x00000000d5e00000, 0x00000000d9200000, 0x0000000100000000)
  eden space 33280K, 100% used [0x00000000d5e00000,0x00000000d7e80000,0x00000000d7e80000)
  from space 5120K, 99% used [0x00000000d7e80000,0x00000000d837d588,0x00000000d8380000)
  to   space 5120K, 0% used [0x00000000d8d00000,0x00000000d8d00000,0x00000000d9200000)
 ParOldGen       total 67072K, used 10426K [0x0000000081a00000, 0x0000000085b80000, 0x00000000d5e00000)
  object space 67072K, 15% used [0x0000000081a00000,0x000000008242e868,0x0000000085b80000)
 Metaspace       used 25772K, capacity 27416K, committed 27520K, reserved 1073152K
  class space    used 3588K, capacity 3892K, committed 3968K, reserved 1048576K
Event: 17.977 GC heap after
Heap after GC invocations=5 (full 1):
 PSYoungGen      total 46592K, used 5112K [0x00000000d5e00000, 0x00000000d9200000, 0x0000000100000000)
  eden space 41472K, 0% used [0x00000000d5e00000,0x00000000d5e00000,0x00000000d8680000)
  from space 5120K, 99% used [0x00000000d8d00000,0x00000000d91fe230,0x00000000d9200000)
  to   space 5120K, 0% used [0x00000000d8800000,0x00000000d8800000,0x00000000d8d00000)
 ParOldGen       total 67072K, used 14093K [0x0000000081a00000, 0x0000000085b80000, 0x00000000d5e00000)
  object space 67072K, 21% used [0x0000000081a00000,0x00000000827c3708,0x0000000085b80000)
 Metaspace       used 25772K, capacity 27416K, committed 27520K, reserved 1073152K
  class space    used 3588K, capacity 3892K, committed 3968K, reserved 1048576K
}

