# JRE version: Java(TM) SE Runtime Environment (8.0_72-b15) (build 1.8.0_72-b15)
# Java VM: Java HotSpot(TM) 64-Bit Server VM (25.72-b15 mixed mode windows-amd64 compressed oops)
Heap:
 PSYoungGen      total 386560K, used 291190K [0x00000000d5e00000, 0x00000000fba00000, 0x0000000100000000)
  eden space 318464K, 91% used [0x00000000d5e00000,0x00000000e79718e8,0x00000000e9500000)
  from space 68096K, 1% used [0x00000000f1100000,0x00000000f11ebf88,0x00000000f5380000)
  to   space 126976K, 0% used [0x00000000e9500000,0x00000000e9500000,0x00000000f1100000)
 ParOldGen       total 420864K, used 262407K [0x0000000081a00000, 0x000000009b500000, 0x00000000d5e00000)
  object space 420864K, 62% used [0x0000000081a00000,0x0000000091a41f50,0x000000009b500000)
 Metaspace       used 26986K, capacity 28518K, committed 28800K, reserved 1075200K
  class space    used 3609K, capacity 3907K, committed 3968K, reserved 1048576K
GC Heap History (10 events):
Event: 7.220 GC heap before
{Heap before GC invocations=10 (full 1):
 PSYoungGen      total 283648K, used 35822K [0x00000000d5e00000, 0x00000000f6f80000, 0x0000000100000000)
  eden space 247808K, 0% used [0x00000000d5e00000,0x00000000d5e00000,0x00000000e5000000)
  from space 35840K, 99% used [0x00000000e5000000,0x00000000e72fba38,0x00000000e7300000)
  to   space 72704K, 0% used [0x00000000f2880000,0x00000000f2880000,0x00000000f6f80000)
 ParOldGen       total 132608K, used 132400K [0x0000000081a00000, 0x0000000089b80000, 0x00000000d5e00000)
  object space 132608K, 99% used [0x0000000081a00000,0x0000000089b4c340,0x0000000089b80000)
 Metaspace       used 20110K, capacity 21212K, committed 21248K, reserved 1067008K
  class space    used 2786K, capacity 3048K, committed 3072K, reserved 1048576K
Event: 9.656 GC heap after
Heap after GC invocations=10 (full 1):
 PSYoungGen      total 283648K, used 0K [0x00000000d5e00000, 0x00000000f6f80000, 0x0000000100000000)
  eden space 247808K, 0% used [0x00000000d5e00000,0x00000000d5e00000,0x00000000e5000000)
  from space 35840K, 0% used [0x00000000e5000000,0x00000000e5000000,0x00000000e7300000)
  to   space 72704K, 0% used [0x00000000f2880000,0x00000000f2880000,0x00000000f6f80000)
 ParOldGen       total 235008K, used 130686K [0x0000000081a00000, 0x000000008ff80000, 0x00000000d5e00000)
  object space 235008K, 55% used [0x0000000081a00000,0x000000008999f8c8,0x000000008ff80000)
 Metaspace       used 20110K, capacity 21212K, committed 21248K, reserved 1067008K
  class space    used 2786K, capacity 3048K, committed 3072K, reserved 1048576K
}
Event: 44.520 GC heap before
{Heap before GC invocations=11 (full 1):
 PSYoungGen      total 283648K, used 247808K [0x00000000d5e00000, 0x00000000f6f80000, 0x0000000100000000)
  eden space 247808K, 100% used [0x00000000d5e00000,0x00000000e5000000,0x00000000e5000000)
  from space 35840K, 0% used [0x00000000e5000000,0x00000000e5000000,0x00000000e7300000)
  to   space 72704K, 0% used [0x00000000f2880000,0x00000000f2880000,0x00000000f6f80000)
 ParOldGen       total 235008K, used 135189K [0x0000000081a00000, 0x000000008ff80000, 0x00000000d5e00000)
  object space 235008K, 57% used [0x0000000081a00000,0x0000000089e05490,0x000000008ff80000)
 Metaspace       used 25992K, capacity 27450K, committed 27776K, reserved 1073152K
  class space    used 3563K, capacity 3873K, committed 3968K, reserved 1048576K
Event: 44.553 GC heap after
Heap after GC invocations=11 (full 1):
 PSYoungGen      total 347136K, used 59068K [0x00000000d5e00000, 0x00000000f6280000, 0x0000000100000000)
  eden space 287744K, 0% used [0x00000000d5e00000,0x00000000d5e00000,0x00000000e7700000)
  from space 59392K, 99% used [0x00000000f2880000,0x00000000f622f070,0x00000000f6280000)
  to   space 80384K, 0% used [0x00000000ec580000,0x00000000ec580000,0x00000000f1400000)
 ParOldGen       total 235008K, used 135197K [0x0000000081a00000, 0x000000008ff80000, 0x00000000d5e00000)
  object space 235008K, 57% used [0x0000000081a00000,0x0000000089e07490,0x000000008ff80000)
 Metaspace       used 25992K, capacity 27450K, committed 27776K, reserved 1073152K
  class space    used 3563K, capacity 3873K, committed 3968K, reserved 1048576K
}
Event: 47.148 GC heap before
{Heap before GC invocations=12 (full 1):
 PSYoungGen      total 347136K, used 346812K [0x00000000d5e00000, 0x00000000f6280000, 0x0000000100000000)
  eden space 287744K, 100% used [0x00000000d5e00000,0x00000000e7700000,0x00000000e7700000)
  from space 59392K, 99% used [0x00000000f2880000,0x00000000f622f070,0x00000000f6280000)
  to   space 80384K, 0% used [0x00000000ec580000,0x00000000ec580000,0x00000000f1400000)
 ParOldGen       total 235008K, used 171239K [0x0000000081a00000, 0x000000008ff80000, 0x00000000d5e00000)
  object space 235008K, 72% used [0x0000000081a00000,0x000000008c139f28,0x000000008ff80000)
 Metaspace       used 26175K, capacity 27674K, committed 27776K, reserved 1073152K
  class space    used 3572K, capacity 3881K, committed 3968K, reserved 1048576K
Event: 47.192 GC heap after
Heap after GC invocations=12 (full 1):
 PSYoungGen      total 404480K, used 76862K [0x00000000d5e00000, 0x00000000f5380000, 0x0000000100000000)
  eden space 327168K, 0% used [0x00000000d5e00000,0x00000000d5e00000,0x00000000e9d80000)
  from space 77312K, 99% used [0x00000000ec580000,0x00000000f108f8f8,0x00000000f1100000)
  to   space 68096K, 0% used [0x00000000f1100000,0x00000000f1100000,0x00000000f5380000)
 ParOldGen       total 235008K, used 184756K [0x0000000081a00000, 0x000000008ff80000, 0x00000000d5e00000)
  object space 235008K, 78% used [0x0000000081a00000,0x000000008ce6d280,0x000000008ff80000)
 Metaspace       used 26175K, capacity 27674K, committed 27776K, reserved 1073152K
  class space    used 3572K, capacity 3881K, committed 3968K, reserved 1048576K
}
Event: 50.296 GC heap before
{Heap before GC invocations=13 (full 1):
 PSYoungGen      total 404480K, used 404030K [0x00000000d5e00000, 0x00000000f5380000, 0x0000000100000000)
  eden space 327168K, 100% used [0x00000000d5e00000,0x00000000e9d80000,0x00000000e9d80000)
  from space 77312K, 99% used [0x00000000ec580000,0x00000000f108f8f8,0x00000000f1100000)
  to   space 68096K, 0% used [0x00000000f1100000,0x00000000f1100000,0x00000000f5380000)
 ParOldGen       total 235008K, used 189377K [0x0000000081a00000, 0x000000008ff80000, 0x00000000d5e00000)
  object space 235008K, 80% used [0x0000000081a00000,0x000000008d2f0408,0x000000008ff80000)
 Metaspace       used 26387K, capacity 27936K, committed 28032K, reserved 1073152K
  class space    used 3578K, capacity 3892K, committed 3968K, reserved 1048576K
Event: 50.347 GC heap after
Heap after GC invocations=13 (full 1):
 PSYoungGen      total 386560K, used 68086K [0x00000000d5e00000, 0x00000000fba00000, 0x0000000100000000)
  eden space 318464K, 0% used [0x00000000d5e00000,0x00000000d5e00000,0x00000000e9500000)
  from space 68096K, 99% used [0x00000000f1100000,0x00000000f537da50,0x00000000f5380000)
  to   space 126976K, 0% used [0x00000000e9500000,0x00000000e9500000,0x00000000f1100000)
 ParOldGen       total 262656K, used 262454K [0x0000000081a00000, 0x0000000091a80000, 0x00000000d5e00000)
  object space 262656K, 99% used [0x0000000081a00000,0x0000000091a4db80,0x0000000091a80000)
 Metaspace       used 26387K, capacity 27936K, committed 28032K, reserved 1073152K
  class space    used 3578K, capacity 3892K, committed 3968K, reserved 1048576K
}
Event: 50.347 GC heap before
{Heap before GC invocations=14 (full 2):
 PSYoungGen      total 386560K, used 68086K [0x00000000d5e00000, 0x00000000fba00000, 0x0000000100000000)
  eden space 318464K, 0% used [0x00000000d5e00000,0x00000000d5e00000,0x00000000e9500000)
  from space 68096K, 99% used [0x00000000f1100000,0x00000000f537da50,0x00000000f5380000)
  to   space 126976K, 0% used [0x00000000e9500000,0x00000000e9500000,0x00000000f1100000)
 ParOldGen       total 262656K, used 262454K [0x0000000081a00000, 0x0000000091a80000, 0x00000000d5e00000)
  object space 262656K, 99% used [0x0000000081a00000,0x0000000091a4db80,0x0000000091a80000)
 Metaspace       used 26387K, capacity 27936K, committed 28032K, reserved 1073152K
  class space    used 3578K, capacity 3892K, committed 3968K, reserved 1048576K
Event: 51.243 GC heap after
Heap after GC invocations=14 (full 2):
 PSYoungGen      total 386560K, used 943K [0x00000000d5e00000, 0x00000000fba00000, 0x0000000100000000)
  eden space 318464K, 0% used [0x00000000d5e00000,0x00000000d5e00000,0x00000000e9500000)
  from space 68096K, 1% used [0x00000000f1100000,0x00000000f11ebf88,0x00000000f5380000)
  to   space 126976K, 0% used [0x00000000e9500000,0x00000000e9500000,0x00000000f1100000)
 ParOldGen       total 420864K, used 262407K [0x0000000081a00000, 0x000000009b500000, 0x00000000d5e00000)
  object space 420864K, 62% used [0x0000000081a00000,0x0000000091a41f50,0x000000009b500000)
 Metaspace       used 26383K, capacity 27930K, committed 28032K, reserved 1073152K
  class space    used 3578K, capacity 3891K, committed 3968K, reserved 1048576K
}

