# JRE version: Java(TM) SE Runtime Environment (8.0_92-b14) (build 1.8.0_92-b14)
# Java VM: Java HotSpot(TM) 64-Bit Server VM (25.92-b14 mixed mode windows-amd64 compressed oops)
Heap:
 PSYoungGen      total 284160K, used 220127K [0x00000000d5e00000, 0x00000000ffa00000, 0x0000000100000000)
  eden space 264192K, 83% used [0x00000000d5e00000,0x00000000e34f7f98,0x00000000e6000000)
  from space 19968K, 0% used [0x00000000e6000000,0x00000000e6000000,0x00000000e7380000)
  to   space 77824K, 0% used [0x00000000fae00000,0x00000000fae00000,0x00000000ffa00000)
 ParOldGen       total 253952K, used 130625K [0x0000000081a00000, 0x0000000091200000, 0x00000000d5e00000)
  object space 253952K, 51% used [0x0000000081a00000,0x00000000899907d8,0x0000000091200000)
 Metaspace       used 27313K, capacity 29136K, committed 29440K, reserved 1075200K
  class space    used 3720K, capacity 4044K, committed 4096K, reserved 1048576K
GC Heap History (10 events):
Event: 1.694 GC heap before
{Heap before GC invocations=4 (full 0):
 PSYoungGen      total 71680K, used 71679K [0x00000000d5e00000, 0x00000000dea00000, 0x0000000100000000)
  eden space 66560K, 100% used [0x00000000d5e00000,0x00000000d9f00000,0x00000000d9f00000)
  from space 5120K, 99% used [0x00000000d9f00000,0x00000000da3ffe98,0x00000000da400000)
  to   space 5120K, 0% used [0x00000000de500000,0x00000000de500000,0x00000000dea00000)
 ParOldGen       total 87552K, used 10253K [0x0000000081a00000, 0x0000000086f80000, 0x00000000d5e00000)
  object space 87552K, 11% used [0x0000000081a00000,0x00000000824034e8,0x0000000086f80000)
 Metaspace       used 14582K, capacity 15050K, committed 15360K, reserved 1062912K
  class space    used 1857K, capacity 1997K, committed 2048K, reserved 1048576K
Event: 1.704 GC heap after
Heap after GC invocations=4 (full 0):
 PSYoungGen      total 138240K, used 5118K [0x00000000d5e00000, 0x00000000dea00000, 0x0000000100000000)
  eden space 133120K, 0% used [0x00000000d5e00000,0x00000000d5e00000,0x00000000de000000)
  from space 5120K, 99% used [0x00000000de500000,0x00000000de9ff9f8,0x00000000dea00000)
  to   space 5120K, 0% used [0x00000000de000000,0x00000000de000000,0x00000000de500000)
 ParOldGen       total 87552K, used 14621K [0x0000000081a00000, 0x0000000086f80000, 0x00000000d5e00000)
  object space 87552K, 16% used [0x0000000081a00000,0x0000000082847540,0x0000000086f80000)
 Metaspace       used 14582K, capacity 15050K, committed 15360K, reserved 1062912K
  class space    used 1857K, capacity 1997K, committed 2048K, reserved 1048576K
}
Event: 1.940 GC heap before
{Heap before GC invocations=5 (full 0):
 PSYoungGen      total 138240K, used 138238K [0x00000000d5e00000, 0x00000000dea00000, 0x0000000100000000)
  eden space 133120K, 100% used [0x00000000d5e00000,0x00000000de000000,0x00000000de000000)
  from space 5120K, 99% used [0x00000000de500000,0x00000000de9ff9f8,0x00000000dea00000)
  to   space 5120K, 0% used [0x00000000de000000,0x00000000de000000,0x00000000de500000)
 ParOldGen       total 87552K, used 14621K [0x0000000081a00000, 0x0000000086f80000, 0x00000000d5e00000)
  object space 87552K, 16% used [0x0000000081a00000,0x0000000082847540,0x0000000086f80000)
 Metaspace       used 16872K, capacity 17448K, committed 17536K, reserved 1064960K
  class space    used 2218K, capacity 2400K, committed 2432K, reserved 1048576K
Event: 1.959 GC heap after
Heap after GC invocations=5 (full 0):
 PSYoungGen      total 138240K, used 5106K [0x00000000d5e00000, 0x00000000e8500000, 0x0000000100000000)
  eden space 133120K, 0% used [0x00000000d5e00000,0x00000000d5e00000,0x00000000de000000)
  from space 5120K, 99% used [0x00000000de000000,0x00000000de4fcaa8,0x00000000de500000)
  to   space 17920K, 0% used [0x00000000e7380000,0x00000000e7380000,0x00000000e8500000)
 ParOldGen       total 87552K, used 25674K [0x0000000081a00000, 0x0000000086f80000, 0x00000000d5e00000)
  object space 87552K, 29% used [0x0000000081a00000,0x0000000083312a70,0x0000000086f80000)
 Metaspace       used 16872K, capacity 17448K, committed 17536K, reserved 1064960K
  class space    used 2218K, capacity 2400K, committed 2432K, reserved 1048576K
}
Event: 2.125 GC heap before
{Heap before GC invocations=6 (full 0):
 PSYoungGen      total 138240K, used 138226K [0x00000000d5e00000, 0x00000000e8500000, 0x0000000100000000)
  eden space 133120K, 100% used [0x00000000d5e00000,0x00000000de000000,0x00000000de000000)
  from space 5120K, 99% used [0x00000000de000000,0x00000000de4fcaa8,0x00000000de500000)
  to   space 17920K, 0% used [0x00000000e7380000,0x00000000e7380000,0x00000000e8500000)
 ParOldGen       total 87552K, used 25674K [0x0000000081a00000, 0x0000000086f80000, 0x00000000d5e00000)
  object space 87552K, 29% used [0x0000000081a00000,0x0000000083312a70,0x0000000086f80000)
 Metaspace       used 18045K, capacity 18918K, committed 19072K, reserved 1064960K
  class space    used 2429K, capacity 2611K, committed 2688K, reserved 1048576K
Event: 2.137 GC heap after
Heap after GC invocations=6 (full 0):
 PSYoungGen      total 282112K, used 15741K [0x00000000d5e00000, 0x00000000e8900000, 0x0000000100000000)
  eden space 264192K, 0% used [0x00000000d5e00000,0x00000000d5e00000,0x00000000e6000000)
  from space 17920K, 87% used [0x00000000e7380000,0x00000000e82df428,0x00000000e8500000)
  to   space 19968K, 0% used [0x00000000e6000000,0x00000000e6000000,0x00000000e7380000)
 ParOldGen       total 87552K, used 25682K [0x0000000081a00000, 0x0000000086f80000, 0x00000000d5e00000)
  object space 87552K, 29% used [0x0000000081a00000,0x0000000083314a70,0x0000000086f80000)
 Metaspace       used 18045K, capacity 18918K, committed 19072K, reserved 1064960K
  class space    used 2429K, capacity 2611K, committed 2688K, reserved 1048576K
}
Event: 3.200 GC heap before
{Heap before GC invocations=7 (full 0):
 PSYoungGen      total 282112K, used 224634K [0x00000000d5e00000, 0x00000000e8900000, 0x0000000100000000)
  eden space 264192K, 79% used [0x00000000d5e00000,0x00000000e29ff738,0x00000000e6000000)
  from space 17920K, 87% used [0x00000000e7380000,0x00000000e82df428,0x00000000e8500000)
  to   space 19968K, 0% used [0x00000000e6000000,0x00000000e6000000,0x00000000e7380000)
 ParOldGen       total 87552K, used 25682K [0x0000000081a00000, 0x0000000086f80000, 0x00000000d5e00000)
  object space 87552K, 29% used [0x0000000081a00000,0x0000000083314a70,0x0000000086f80000)
 Metaspace       used 20170K, capacity 21144K, committed 21248K, reserved 1067008K
  class space    used 2789K, capacity 3000K, committed 3072K, reserved 1048576K
Event: 3.338 GC heap after
Heap after GC invocations=7 (full 0):
 PSYoungGen      total 284160K, used 19951K [0x00000000d5e00000, 0x00000000ffa00000, 0x0000000100000000)
  eden space 264192K, 0% used [0x00000000d5e00000,0x00000000d5e00000,0x00000000e6000000)
  from space 19968K, 99% used [0x00000000e6000000,0x00000000e737bed8,0x00000000e7380000)
  to   space 77824K, 0% used [0x00000000fae00000,0x00000000fae00000,0x00000000ffa00000)
 ParOldGen       total 135168K, used 134696K [0x0000000081a00000, 0x0000000089e00000, 0x00000000d5e00000)
  object space 135168K, 99% used [0x0000000081a00000,0x0000000089d8a3b0,0x0000000089e00000)
 Metaspace       used 20170K, capacity 21144K, committed 21248K, reserved 1067008K
  class space    used 2789K, capacity 3000K, committed 3072K, reserved 1048576K
}
Event: 3.338 GC heap before
{Heap before GC invocations=8 (full 1):
 PSYoungGen      total 284160K, used 19951K [0x00000000d5e00000, 0x00000000ffa00000, 0x0000000100000000)
  eden space 264192K, 0% used [0x00000000d5e00000,0x00000000d5e00000,0x00000000e6000000)
  from space 19968K, 99% used [0x00000000e6000000,0x00000000e737bed8,0x00000000e7380000)
  to   space 77824K, 0% used [0x00000000fae00000,0x00000000fae00000,0x00000000ffa00000)
 ParOldGen       total 135168K, used 134696K [0x0000000081a00000, 0x0000000089e00000, 0x00000000d5e00000)
  object space 135168K, 99% used [0x0000000081a00000,0x0000000089d8a3b0,0x0000000089e00000)
 Metaspace       used 20170K, capacity 21144K, committed 21248K, reserved 1067008K
  class space    used 2789K, capacity 3000K, committed 3072K, reserved 1048576K
Event: 4.381 GC heap after
Heap after GC invocations=8 (full 1):
 PSYoungGen      total 284160K, used 0K [0x00000000d5e00000, 0x00000000ffa00000, 0x0000000100000000)
  eden space 264192K, 0% used [0x00000000d5e00000,0x00000000d5e00000,0x00000000e6000000)
  from space 19968K, 0% used [0x00000000e6000000,0x00000000e6000000,0x00000000e7380000)
  to   space 77824K, 0% used [0x00000000fae00000,0x00000000fae00000,0x00000000ffa00000)
 ParOldGen       total 253952K, used 130625K [0x0000000081a00000, 0x0000000091200000, 0x00000000d5e00000)
  object space 253952K, 51% used [0x0000000081a00000,0x00000000899907d8,0x0000000091200000)
 Metaspace       used 20170K, capacity 21144K, committed 21248K, reserved 1067008K
  class space    used 2789K, capacity 3000K, committed 3072K, reserved 1048576K
}

